nohup: ignoring input

*****************************************
Setting OMP_NUM_THREADS environment variable for each process to be 1 in default, to avoid your system being overloaded, please further tune the variable for optimal performance in your application as needed. 
*****************************************
Loading training data...
Loading training data...
Loading training data...
Loading training data...
Loaded 12000 training entries
Loading validation data...
Loaded 240 validation entries
Creating datasets...
Loaded 12000 training entries
Loading validation data...
Loaded 240 validation entries
Creating datasets...
Loaded 12000 training entries
Loading validation data...
Loaded 240 validation entries
Creating datasets...
Loaded 12000 training entries
Loading validation data...
Loaded 240 validation entries
Creating datasets...
Training dataset size: 12000
Validation dataset size: 240
Creating dataloaders...
Training batches: 93
Validation batches: 2
Starting training...
Training dataset size: 12000
Validation dataset size: 240
Creating dataloaders...
Training batches: 93
Validation batches: 2
Starting training...
Training dataset size: 12000
Validation dataset size: 240
Creating dataloaders...
Training batches: 93
Validation batches: 2
Starting training...
Training dataset size: 12000
Validation dataset size: 240
Creating dataloaders...
Training batches: 93
Validation batches: 2
Starting training...
2025-07-04 10:44:34,589 - INFO - Epoch 1/500 | train_total: 16.7918 | dereverb: 13.1750 | rir: 3.6168
Epoch 1/500 | train_total: 16.7918 | val --
2025-07-04 10:44:34,590 - INFO - Epoch 1/500 | train_total: 16.7918 | val --
2025-07-04 10:46:14,751 - INFO - Epoch 2/500 | train_total: 16.5682 | dereverb: 12.9468 | rir: 3.6214
Epoch 2/500 | train_total: 16.5682 | val --
2025-07-04 10:46:14,752 - INFO - Epoch 2/500 | train_total: 16.5682 | val --
2025-07-04 10:47:57,038 - INFO - Epoch 3/500 | train_total: 16.3869 | dereverb: 12.8525 | rir: 3.5344
Epoch 3/500 | train_total: 16.3869 | val --
2025-07-04 10:47:57,039 - INFO - Epoch 3/500 | train_total: 16.3869 | val --
2025-07-04 10:49:39,131 - INFO - Epoch 4/500 | train_total: 16.3546 | dereverb: 12.8634 | rir: 3.4911
Epoch 4/500 | train_total: 16.3546 | val --
2025-07-04 10:49:39,131 - INFO - Epoch 4/500 | train_total: 16.3546 | val --
2025-07-04 10:51:20,925 - INFO - Epoch 5/500 | train_total: 16.0723 | dereverb: 12.6473 | rir: 3.4250
Epoch 5/500 | train_total: 16.0723 | val_total: 19.2092 | val_dereverb: 15.6257 | val_rir: 3.5835
2025-07-04 10:51:22,757 - INFO - Epoch 5/500 | train_total: 16.0723 | val_total: 19.2092 | val_dereverb: 15.6257 | val_rir: 3.5835
2025-07-04 10:53:04,275 - INFO - Epoch 6/500 | train_total: 15.8821 | dereverb: 12.4729 | rir: 3.4091
Epoch 6/500 | train_total: 15.8821 | val --
2025-07-04 10:53:04,275 - INFO - Epoch 6/500 | train_total: 15.8821 | val --
2025-07-04 10:54:46,584 - INFO - Epoch 7/500 | train_total: 16.0086 | dereverb: 12.5996 | rir: 3.4089
Epoch 7/500 | train_total: 16.0086 | val --
2025-07-04 10:54:46,584 - INFO - Epoch 7/500 | train_total: 16.0086 | val --
2025-07-04 10:56:27,143 - INFO - Epoch 8/500 | train_total: 15.9571 | dereverb: 12.5597 | rir: 3.3974
Epoch 8/500 | train_total: 15.9571 | val --
2025-07-04 10:56:27,143 - INFO - Epoch 8/500 | train_total: 15.9571 | val --
2025-07-04 10:58:07,751 - INFO - Epoch 9/500 | train_total: 16.0743 | dereverb: 12.6785 | rir: 3.3958
Epoch 9/500 | train_total: 16.0743 | val --
2025-07-04 10:58:07,751 - INFO - Epoch 9/500 | train_total: 16.0743 | val --
2025-07-04 10:59:48,472 - INFO - Epoch 10/500 | train_total: 15.9163 | dereverb: 12.5382 | rir: 3.3781
Epoch 10/500 | train_total: 15.9163 | val_total: 19.0827 | val_dereverb: 15.5285 | val_rir: 3.5542
2025-07-04 10:59:50,328 - INFO - Epoch 10/500 | train_total: 15.9163 | val_total: 19.0827 | val_dereverb: 15.5285 | val_rir: 3.5542
2025-07-04 11:01:31,027 - INFO - Epoch 11/500 | train_total: 16.1840 | dereverb: 12.6112 | rir: 3.5727
Epoch 11/500 | train_total: 16.1840 | val --
2025-07-04 11:01:31,027 - INFO - Epoch 11/500 | train_total: 16.1840 | val --
2025-07-04 11:03:11,574 - INFO - Epoch 12/500 | train_total: 16.1672 | dereverb: 12.6806 | rir: 3.4866
Epoch 12/500 | train_total: 16.1672 | val --
2025-07-04 11:03:11,575 - INFO - Epoch 12/500 | train_total: 16.1672 | val --
2025-07-04 11:04:52,368 - INFO - Epoch 13/500 | train_total: 15.5816 | dereverb: 12.2715 | rir: 3.3101
Epoch 13/500 | train_total: 15.5816 | val --
2025-07-04 11:04:52,369 - INFO - Epoch 13/500 | train_total: 15.5816 | val --
2025-07-04 11:06:33,437 - INFO - Epoch 14/500 | train_total: 15.6653 | dereverb: 12.3620 | rir: 3.3033
Epoch 14/500 | train_total: 15.6653 | val --
2025-07-04 11:06:33,437 - INFO - Epoch 14/500 | train_total: 15.6653 | val --
2025-07-04 11:08:14,502 - INFO - Epoch 15/500 | train_total: 15.4258 | dereverb: 12.1388 | rir: 3.2870
Epoch 15/500 | train_total: 15.4258 | val_total: 18.9340 | val_dereverb: 15.4447 | val_rir: 3.4894
2025-07-04 11:08:16,287 - INFO - Epoch 15/500 | train_total: 15.4258 | val_total: 18.9340 | val_dereverb: 15.4447 | val_rir: 3.4894
2025-07-04 11:09:57,763 - INFO - Epoch 16/500 | train_total: 15.6078 | dereverb: 12.3205 | rir: 3.2874
Epoch 16/500 | train_total: 15.6078 | val --
2025-07-04 11:09:57,763 - INFO - Epoch 16/500 | train_total: 15.6078 | val --
2025-07-04 11:11:38,682 - INFO - Epoch 17/500 | train_total: 15.4835 | dereverb: 12.2413 | rir: 3.2423
Epoch 17/500 | train_total: 15.4835 | val --
2025-07-04 11:11:38,683 - INFO - Epoch 17/500 | train_total: 15.4835 | val --
2025-07-04 11:13:19,505 - INFO - Epoch 18/500 | train_total: 15.3877 | dereverb: 12.1402 | rir: 3.2475
Epoch 18/500 | train_total: 15.3877 | val --
2025-07-04 11:13:19,505 - INFO - Epoch 18/500 | train_total: 15.3877 | val --
2025-07-04 11:15:00,487 - INFO - Epoch 19/500 | train_total: 15.3891 | dereverb: 12.1660 | rir: 3.2230
Epoch 19/500 | train_total: 15.3891 | val --
2025-07-04 11:15:00,487 - INFO - Epoch 19/500 | train_total: 15.3891 | val --
2025-07-04 11:16:41,914 - INFO - Epoch 20/500 | train_total: 15.2168 | dereverb: 12.0036 | rir: 3.2132
Epoch 20/500 | train_total: 15.2168 | val_total: 18.6219 | val_dereverb: 15.1403 | val_rir: 3.4816
2025-07-04 11:16:43,770 - INFO - Epoch 20/500 | train_total: 15.2168 | val_total: 18.6219 | val_dereverb: 15.1403 | val_rir: 3.4816
2025-07-04 11:16:44,895 - INFO - Model saved at epoch 20
2025-07-04 11:18:25,518 - INFO - Epoch 21/500 | train_total: 15.3700 | dereverb: 12.1742 | rir: 3.1958
Epoch 21/500 | train_total: 15.3700 | val --
2025-07-04 11:18:25,519 - INFO - Epoch 21/500 | train_total: 15.3700 | val --
2025-07-04 11:20:06,593 - INFO - Epoch 22/500 | train_total: 15.1390 | dereverb: 11.9602 | rir: 3.1788
Epoch 22/500 | train_total: 15.1390 | val --
2025-07-04 11:20:06,593 - INFO - Epoch 22/500 | train_total: 15.1390 | val --
2025-07-04 11:21:47,403 - INFO - Epoch 23/500 | train_total: 15.2662 | dereverb: 12.0773 | rir: 3.1889
Epoch 23/500 | train_total: 15.2662 | val --
2025-07-04 11:21:47,404 - INFO - Epoch 23/500 | train_total: 15.2662 | val --
2025-07-04 11:23:28,471 - INFO - Epoch 24/500 | train_total: 15.2199 | dereverb: 12.0369 | rir: 3.1830
Epoch 24/500 | train_total: 15.2199 | val --
2025-07-04 11:23:28,471 - INFO - Epoch 24/500 | train_total: 15.2199 | val --
2025-07-04 11:25:09,747 - INFO - Epoch 25/500 | train_total: 15.1153 | dereverb: 11.9527 | rir: 3.1626
Epoch 25/500 | train_total: 15.1153 | val_total: 18.5770 | val_dereverb: 15.1102 | val_rir: 3.4669
2025-07-04 11:25:11,607 - INFO - Epoch 25/500 | train_total: 15.1153 | val_total: 18.5770 | val_dereverb: 15.1102 | val_rir: 3.4669
2025-07-04 11:26:52,324 - INFO - Epoch 26/500 | train_total: 14.9245 | dereverb: 11.7640 | rir: 3.1605
Epoch 26/500 | train_total: 14.9245 | val --
2025-07-04 11:26:52,324 - INFO - Epoch 26/500 | train_total: 14.9245 | val --
2025-07-04 11:28:33,420 - INFO - Epoch 27/500 | train_total: 15.0258 | dereverb: 11.9038 | rir: 3.1220
Epoch 27/500 | train_total: 15.0258 | val --
2025-07-04 11:28:33,421 - INFO - Epoch 27/500 | train_total: 15.0258 | val --
2025-07-04 11:30:14,722 - INFO - Epoch 28/500 | train_total: 15.1155 | dereverb: 11.9984 | rir: 3.1171
Epoch 28/500 | train_total: 15.1155 | val --
2025-07-04 11:30:14,722 - INFO - Epoch 28/500 | train_total: 15.1155 | val --
2025-07-04 11:31:56,273 - INFO - Epoch 29/500 | train_total: 15.1299 | dereverb: 11.9965 | rir: 3.1335
Epoch 29/500 | train_total: 15.1299 | val --
2025-07-04 11:31:56,273 - INFO - Epoch 29/500 | train_total: 15.1299 | val --
2025-07-04 11:33:37,443 - INFO - Epoch 30/500 | train_total: 15.0700 | dereverb: 11.9701 | rir: 3.0998
Epoch 30/500 | train_total: 15.0700 | val_total: 18.2809 | val_dereverb: 14.9250 | val_rir: 3.3559
2025-07-04 11:33:39,291 - INFO - Epoch 30/500 | train_total: 15.0700 | val_total: 18.2809 | val_dereverb: 14.9250 | val_rir: 3.3559
2025-07-04 11:35:21,145 - INFO - Epoch 31/500 | train_total: 15.0776 | dereverb: 11.9675 | rir: 3.1101
Epoch 31/500 | train_total: 15.0776 | val --
2025-07-04 11:35:21,145 - INFO - Epoch 31/500 | train_total: 15.0776 | val --
2025-07-04 11:37:02,777 - INFO - Epoch 32/500 | train_total: 14.7203 | dereverb: 11.6562 | rir: 3.0642
Epoch 32/500 | train_total: 14.7203 | val --
2025-07-04 11:37:02,777 - INFO - Epoch 32/500 | train_total: 14.7203 | val --
2025-07-04 11:38:44,135 - INFO - Epoch 33/500 | train_total: 14.8885 | dereverb: 11.7814 | rir: 3.1071
Epoch 33/500 | train_total: 14.8885 | val --
2025-07-04 11:38:44,135 - INFO - Epoch 33/500 | train_total: 14.8885 | val --
2025-07-04 11:40:25,212 - INFO - Epoch 34/500 | train_total: 14.9721 | dereverb: 11.9060 | rir: 3.0661
Epoch 34/500 | train_total: 14.9721 | val --
2025-07-04 11:40:25,213 - INFO - Epoch 34/500 | train_total: 14.9721 | val --
2025-07-04 11:42:06,009 - INFO - Epoch 35/500 | train_total: 14.6845 | dereverb: 11.6152 | rir: 3.0693
Epoch 35/500 | train_total: 14.6845 | val_total: 18.3124 | val_dereverb: 15.0395 | val_rir: 3.2729
2025-07-04 11:42:07,857 - INFO - Epoch 35/500 | train_total: 14.6845 | val_total: 18.3124 | val_dereverb: 15.0395 | val_rir: 3.2729
2025-07-04 11:43:48,660 - INFO - Epoch 36/500 | train_total: 14.8604 | dereverb: 11.7845 | rir: 3.0759
Epoch 36/500 | train_total: 14.8604 | val --
2025-07-04 11:43:48,660 - INFO - Epoch 36/500 | train_total: 14.8604 | val --
2025-07-04 11:45:29,585 - INFO - Epoch 37/500 | train_total: 14.7788 | dereverb: 11.7319 | rir: 3.0469
Epoch 37/500 | train_total: 14.7788 | val --
2025-07-04 11:45:29,585 - INFO - Epoch 37/500 | train_total: 14.7788 | val --
2025-07-04 11:47:10,821 - INFO - Epoch 38/500 | train_total: 14.7028 | dereverb: 11.6345 | rir: 3.0682
Epoch 38/500 | train_total: 14.7028 | val --
2025-07-04 11:47:10,821 - INFO - Epoch 38/500 | train_total: 14.7028 | val --
2025-07-04 11:48:51,942 - INFO - Epoch 39/500 | train_total: 14.7697 | dereverb: 11.7098 | rir: 3.0599
Epoch 39/500 | train_total: 14.7697 | val --
2025-07-04 11:48:51,942 - INFO - Epoch 39/500 | train_total: 14.7697 | val --
2025-07-04 11:50:32,758 - INFO - Epoch 40/500 | train_total: 14.7487 | dereverb: 11.7277 | rir: 3.0210
Epoch 40/500 | train_total: 14.7487 | val_total: 18.1936 | val_dereverb: 14.9336 | val_rir: 3.2600
2025-07-04 11:50:34,610 - INFO - Epoch 40/500 | train_total: 14.7487 | val_total: 18.1936 | val_dereverb: 14.9336 | val_rir: 3.2600
2025-07-04 11:50:35,715 - INFO - Model saved at epoch 40
2025-07-04 11:52:15,209 - INFO - Epoch 41/500 | train_total: 14.4527 | dereverb: 11.4328 | rir: 3.0199
Epoch 41/500 | train_total: 14.4527 | val --
2025-07-04 11:52:15,209 - INFO - Epoch 41/500 | train_total: 14.4527 | val --
2025-07-04 11:53:56,034 - INFO - Epoch 42/500 | train_total: 14.6302 | dereverb: 11.6129 | rir: 3.0173
Epoch 42/500 | train_total: 14.6302 | val --
2025-07-04 11:53:56,034 - INFO - Epoch 42/500 | train_total: 14.6302 | val --
2025-07-04 11:55:37,177 - INFO - Epoch 43/500 | train_total: 14.7062 | dereverb: 11.6720 | rir: 3.0342
Epoch 43/500 | train_total: 14.7062 | val --
2025-07-04 11:55:37,177 - INFO - Epoch 43/500 | train_total: 14.7062 | val --
2025-07-04 11:57:18,191 - INFO - Epoch 44/500 | train_total: 14.5491 | dereverb: 11.5410 | rir: 3.0082
Epoch 44/500 | train_total: 14.5491 | val --
2025-07-04 11:57:18,191 - INFO - Epoch 44/500 | train_total: 14.5491 | val --
2025-07-04 11:58:58,450 - INFO - Epoch 45/500 | train_total: 14.3525 | dereverb: 11.3424 | rir: 3.0101
Epoch 45/500 | train_total: 14.3525 | val_total: 18.0880 | val_dereverb: 14.8473 | val_rir: 3.2407
2025-07-04 11:59:00,325 - INFO - Epoch 45/500 | train_total: 14.3525 | val_total: 18.0880 | val_dereverb: 14.8473 | val_rir: 3.2407
2025-07-04 12:00:41,288 - INFO - Epoch 46/500 | train_total: 14.4167 | dereverb: 11.4255 | rir: 2.9912
Epoch 46/500 | train_total: 14.4167 | val --
2025-07-04 12:00:41,288 - INFO - Epoch 46/500 | train_total: 14.4167 | val --
2025-07-04 12:02:22,353 - INFO - Epoch 47/500 | train_total: 14.2520 | dereverb: 11.2668 | rir: 2.9852
Epoch 47/500 | train_total: 14.2520 | val --
2025-07-04 12:02:22,353 - INFO - Epoch 47/500 | train_total: 14.2520 | val --
2025-07-04 12:04:03,753 - INFO - Epoch 48/500 | train_total: 14.3621 | dereverb: 11.3844 | rir: 2.9777
Epoch 48/500 | train_total: 14.3621 | val --
2025-07-04 12:04:03,753 - INFO - Epoch 48/500 | train_total: 14.3621 | val --
2025-07-04 12:05:45,095 - INFO - Epoch 49/500 | train_total: 14.5541 | dereverb: 11.5720 | rir: 2.9821
Epoch 49/500 | train_total: 14.5541 | val --
2025-07-04 12:05:45,095 - INFO - Epoch 49/500 | train_total: 14.5541 | val --
2025-07-04 12:07:25,770 - INFO - Epoch 50/500 | train_total: 14.7391 | dereverb: 11.7278 | rir: 3.0114
Epoch 50/500 | train_total: 14.7391 | val_total: 17.7160 | val_dereverb: 14.5459 | val_rir: 3.1701
2025-07-04 12:07:27,619 - INFO - Epoch 50/500 | train_total: 14.7391 | val_total: 17.7160 | val_dereverb: 14.5459 | val_rir: 3.1701
2025-07-04 12:09:08,961 - INFO - Epoch 51/500 | train_total: 14.2724 | dereverb: 11.2992 | rir: 2.9732
Epoch 51/500 | train_total: 14.2724 | val --
2025-07-04 12:09:08,961 - INFO - Epoch 51/500 | train_total: 14.2724 | val --
2025-07-04 12:10:49,724 - INFO - Epoch 52/500 | train_total: 14.3906 | dereverb: 11.4286 | rir: 2.9620
Epoch 52/500 | train_total: 14.3906 | val --
2025-07-04 12:10:49,725 - INFO - Epoch 52/500 | train_total: 14.3906 | val --
2025-07-04 12:12:30,483 - INFO - Epoch 53/500 | train_total: 14.8003 | dereverb: 11.6068 | rir: 3.1935
Epoch 53/500 | train_total: 14.8003 | val --
2025-07-04 12:12:30,483 - INFO - Epoch 53/500 | train_total: 14.8003 | val --
2025-07-04 12:14:11,373 - INFO - Epoch 54/500 | train_total: 15.4520 | dereverb: 12.0213 | rir: 3.4307
Epoch 54/500 | train_total: 15.4520 | val --
2025-07-04 12:14:11,373 - INFO - Epoch 54/500 | train_total: 15.4520 | val --
2025-07-04 12:15:52,616 - INFO - Epoch 55/500 | train_total: 14.7199 | dereverb: 11.6527 | rir: 3.0672
Epoch 55/500 | train_total: 14.7199 | val_total: 17.8911 | val_dereverb: 14.7028 | val_rir: 3.1884
2025-07-04 12:15:54,472 - INFO - Epoch 55/500 | train_total: 14.7199 | val_total: 17.8911 | val_dereverb: 14.7028 | val_rir: 3.1884
2025-07-04 12:17:35,586 - INFO - Epoch 56/500 | train_total: 14.1671 | dereverb: 11.1877 | rir: 2.9794
Epoch 56/500 | train_total: 14.1671 | val --
2025-07-04 12:17:35,586 - INFO - Epoch 56/500 | train_total: 14.1671 | val --
2025-07-04 12:19:16,941 - INFO - Epoch 57/500 | train_total: 14.3756 | dereverb: 11.4112 | rir: 2.9644
Epoch 57/500 | train_total: 14.3756 | val --
2025-07-04 12:19:16,941 - INFO - Epoch 57/500 | train_total: 14.3756 | val --
2025-07-04 12:20:58,048 - INFO - Epoch 58/500 | train_total: 14.3195 | dereverb: 11.3685 | rir: 2.9510
Epoch 58/500 | train_total: 14.3195 | val --
2025-07-04 12:20:58,048 - INFO - Epoch 58/500 | train_total: 14.3195 | val --
2025-07-04 12:22:39,305 - INFO - Epoch 59/500 | train_total: 13.9464 | dereverb: 10.9952 | rir: 2.9512
Epoch 59/500 | train_total: 13.9464 | val --
2025-07-04 12:22:39,305 - INFO - Epoch 59/500 | train_total: 13.9464 | val --
2025-07-04 12:24:20,410 - INFO - Epoch 60/500 | train_total: 14.2433 | dereverb: 11.3017 | rir: 2.9416
Epoch 60/500 | train_total: 14.2433 | val_total: 17.6523 | val_dereverb: 14.5347 | val_rir: 3.1176
2025-07-04 12:24:22,267 - INFO - Epoch 60/500 | train_total: 14.2433 | val_total: 17.6523 | val_dereverb: 14.5347 | val_rir: 3.1176
2025-07-04 12:24:23,375 - INFO - Model saved at epoch 60
2025-07-04 12:26:03,976 - INFO - Epoch 61/500 | train_total: 14.4689 | dereverb: 11.5292 | rir: 2.9397
Epoch 61/500 | train_total: 14.4689 | val --
2025-07-04 12:26:03,977 - INFO - Epoch 61/500 | train_total: 14.4689 | val --
2025-07-04 12:27:45,480 - INFO - Epoch 62/500 | train_total: 14.3542 | dereverb: 11.4301 | rir: 2.9241
Epoch 62/500 | train_total: 14.3542 | val --
2025-07-04 12:27:45,481 - INFO - Epoch 62/500 | train_total: 14.3542 | val --
2025-07-04 12:29:26,675 - INFO - Epoch 63/500 | train_total: 14.0343 | dereverb: 11.1135 | rir: 2.9208
Epoch 63/500 | train_total: 14.0343 | val --
2025-07-04 12:29:26,675 - INFO - Epoch 63/500 | train_total: 14.0343 | val --
2025-07-04 12:31:07,661 - INFO - Epoch 64/500 | train_total: 14.1347 | dereverb: 11.2060 | rir: 2.9287
Epoch 64/500 | train_total: 14.1347 | val --
2025-07-04 12:31:07,661 - INFO - Epoch 64/500 | train_total: 14.1347 | val --
2025-07-04 12:32:48,642 - INFO - Epoch 65/500 | train_total: 14.2278 | dereverb: 11.3186 | rir: 2.9092
Epoch 65/500 | train_total: 14.2278 | val_total: 17.4931 | val_dereverb: 14.3917 | val_rir: 3.1014
2025-07-04 12:32:50,561 - INFO - Epoch 65/500 | train_total: 14.2278 | val_total: 17.4931 | val_dereverb: 14.3917 | val_rir: 3.1014
2025-07-04 12:34:31,454 - INFO - Epoch 66/500 | train_total: 14.3886 | dereverb: 11.4532 | rir: 2.9354
Epoch 66/500 | train_total: 14.3886 | val --
2025-07-04 12:34:31,454 - INFO - Epoch 66/500 | train_total: 14.3886 | val --
2025-07-04 12:36:12,439 - INFO - Epoch 67/500 | train_total: 14.1519 | dereverb: 11.2256 | rir: 2.9263
Epoch 67/500 | train_total: 14.1519 | val --
2025-07-04 12:36:12,440 - INFO - Epoch 67/500 | train_total: 14.1519 | val --
2025-07-04 12:37:53,743 - INFO - Epoch 68/500 | train_total: 13.9793 | dereverb: 11.0699 | rir: 2.9094
Epoch 68/500 | train_total: 13.9793 | val --
2025-07-04 12:37:53,743 - INFO - Epoch 68/500 | train_total: 13.9793 | val --
2025-07-04 12:39:34,812 - INFO - Epoch 69/500 | train_total: 14.1416 | dereverb: 11.2357 | rir: 2.9059
Epoch 69/500 | train_total: 14.1416 | val --
2025-07-04 12:39:34,813 - INFO - Epoch 69/500 | train_total: 14.1416 | val --
2025-07-04 12:41:15,911 - INFO - Epoch 70/500 | train_total: 14.2045 | dereverb: 11.2946 | rir: 2.9099
Epoch 70/500 | train_total: 14.2045 | val_total: 17.8379 | val_dereverb: 14.6694 | val_rir: 3.1685
2025-07-04 12:41:17,787 - INFO - Epoch 70/500 | train_total: 14.2045 | val_total: 17.8379 | val_dereverb: 14.6694 | val_rir: 3.1685
2025-07-04 12:42:58,810 - INFO - Epoch 71/500 | train_total: 14.2108 | dereverb: 11.2972 | rir: 2.9136
Epoch 71/500 | train_total: 14.2108 | val --
2025-07-04 12:42:58,810 - INFO - Epoch 71/500 | train_total: 14.2108 | val --
2025-07-04 12:44:39,640 - INFO - Epoch 72/500 | train_total: 14.0123 | dereverb: 11.1318 | rir: 2.8804
Epoch 72/500 | train_total: 14.0123 | val --
2025-07-04 12:44:39,641 - INFO - Epoch 72/500 | train_total: 14.0123 | val --
2025-07-04 12:46:20,808 - INFO - Epoch 73/500 | train_total: 13.9701 | dereverb: 11.0769 | rir: 2.8932
Epoch 73/500 | train_total: 13.9701 | val --
2025-07-04 12:46:20,809 - INFO - Epoch 73/500 | train_total: 13.9701 | val --
2025-07-04 12:48:01,764 - INFO - Epoch 74/500 | train_total: 13.9625 | dereverb: 11.0741 | rir: 2.8884
Epoch 74/500 | train_total: 13.9625 | val --
2025-07-04 12:48:01,764 - INFO - Epoch 74/500 | train_total: 13.9625 | val --
2025-07-04 12:49:42,631 - INFO - Epoch 75/500 | train_total: 14.1334 | dereverb: 11.2341 | rir: 2.8992
Epoch 75/500 | train_total: 14.1334 | val_total: 17.5660 | val_dereverb: 14.4657 | val_rir: 3.1003
2025-07-04 12:49:44,472 - INFO - Epoch 75/500 | train_total: 14.1334 | val_total: 17.5660 | val_dereverb: 14.4657 | val_rir: 3.1003
2025-07-04 12:51:25,681 - INFO - Epoch 76/500 | train_total: 13.7757 | dereverb: 10.8878 | rir: 2.8879
Epoch 76/500 | train_total: 13.7757 | val --
2025-07-04 12:51:25,681 - INFO - Epoch 76/500 | train_total: 13.7757 | val --
2025-07-04 12:53:06,867 - INFO - Epoch 77/500 | train_total: 13.9570 | dereverb: 11.0468 | rir: 2.9101
Epoch 77/500 | train_total: 13.9570 | val --
2025-07-04 12:53:06,868 - INFO - Epoch 77/500 | train_total: 13.9570 | val --
2025-07-04 12:54:47,542 - INFO - Epoch 78/500 | train_total: 13.7600 | dereverb: 10.9003 | rir: 2.8597
Epoch 78/500 | train_total: 13.7600 | val --
2025-07-04 12:54:47,542 - INFO - Epoch 78/500 | train_total: 13.7600 | val --
2025-07-04 12:56:28,398 - INFO - Epoch 79/500 | train_total: 13.9451 | dereverb: 11.0503 | rir: 2.8948
Epoch 79/500 | train_total: 13.9451 | val --
2025-07-04 12:56:28,398 - INFO - Epoch 79/500 | train_total: 13.9451 | val --
2025-07-04 12:58:08,960 - INFO - Epoch 80/500 | train_total: 13.9723 | dereverb: 11.0787 | rir: 2.8936
Epoch 80/500 | train_total: 13.9723 | val_total: 17.4010 | val_dereverb: 14.2889 | val_rir: 3.1120
2025-07-04 12:58:10,791 - INFO - Epoch 80/500 | train_total: 13.9723 | val_total: 17.4010 | val_dereverb: 14.2889 | val_rir: 3.1120
2025-07-04 12:58:12,126 - INFO - Model saved at epoch 80
2025-07-04 12:59:53,237 - INFO - Epoch 81/500 | train_total: 13.8821 | dereverb: 10.9710 | rir: 2.9112
Epoch 81/500 | train_total: 13.8821 | val --
2025-07-04 12:59:53,237 - INFO - Epoch 81/500 | train_total: 13.8821 | val --
2025-07-04 13:01:34,167 - INFO - Epoch 82/500 | train_total: 13.8820 | dereverb: 11.0187 | rir: 2.8633
Epoch 82/500 | train_total: 13.8820 | val --
2025-07-04 13:01:34,167 - INFO - Epoch 82/500 | train_total: 13.8820 | val --
2025-07-04 13:03:15,766 - INFO - Epoch 83/500 | train_total: 13.8391 | dereverb: 10.9707 | rir: 2.8684
Epoch 83/500 | train_total: 13.8391 | val --
2025-07-04 13:03:15,766 - INFO - Epoch 83/500 | train_total: 13.8391 | val --
2025-07-04 13:04:56,981 - INFO - Epoch 84/500 | train_total: 13.7097 | dereverb: 10.8345 | rir: 2.8752
Epoch 84/500 | train_total: 13.7097 | val --
2025-07-04 13:04:56,981 - INFO - Epoch 84/500 | train_total: 13.7097 | val --
2025-07-04 13:06:37,709 - INFO - Epoch 85/500 | train_total: 13.8007 | dereverb: 10.9255 | rir: 2.8752
Epoch 85/500 | train_total: 13.8007 | val_total: 17.5031 | val_dereverb: 14.3928 | val_rir: 3.1103
2025-07-04 13:06:39,597 - INFO - Epoch 85/500 | train_total: 13.8007 | val_total: 17.5031 | val_dereverb: 14.3928 | val_rir: 3.1103
2025-07-04 13:08:20,468 - INFO - Epoch 86/500 | train_total: 13.7385 | dereverb: 10.8698 | rir: 2.8688
Epoch 86/500 | train_total: 13.7385 | val --
2025-07-04 13:08:20,468 - INFO - Epoch 86/500 | train_total: 13.7385 | val --
2025-07-04 13:10:01,372 - INFO - Epoch 87/500 | train_total: 13.7519 | dereverb: 10.8735 | rir: 2.8783
Epoch 87/500 | train_total: 13.7519 | val --
2025-07-04 13:10:01,372 - INFO - Epoch 87/500 | train_total: 13.7519 | val --
2025-07-04 13:11:42,434 - INFO - Epoch 88/500 | train_total: 13.8960 | dereverb: 11.0264 | rir: 2.8696
Epoch 88/500 | train_total: 13.8960 | val --
2025-07-04 13:11:42,435 - INFO - Epoch 88/500 | train_total: 13.8960 | val --
2025-07-04 13:13:23,656 - INFO - Epoch 89/500 | train_total: 13.9289 | dereverb: 11.0417 | rir: 2.8872
Epoch 89/500 | train_total: 13.9289 | val --
2025-07-04 13:13:23,657 - INFO - Epoch 89/500 | train_total: 13.9289 | val --
2025-07-04 13:15:04,832 - INFO - Epoch 90/500 | train_total: 13.7475 | dereverb: 10.8841 | rir: 2.8633
Epoch 90/500 | train_total: 13.7475 | val_total: 17.3687 | val_dereverb: 14.3068 | val_rir: 3.0619
2025-07-04 13:15:06,656 - INFO - Epoch 90/500 | train_total: 13.7475 | val_total: 17.3687 | val_dereverb: 14.3068 | val_rir: 3.0619
2025-07-04 13:16:47,928 - INFO - Epoch 91/500 | train_total: 13.7722 | dereverb: 10.9092 | rir: 2.8630
Epoch 91/500 | train_total: 13.7722 | val --
2025-07-04 13:16:47,928 - INFO - Epoch 91/500 | train_total: 13.7722 | val --
2025-07-04 13:18:28,985 - INFO - Epoch 92/500 | train_total: 13.8580 | dereverb: 10.9945 | rir: 2.8635
Epoch 92/500 | train_total: 13.8580 | val --
2025-07-04 13:18:28,985 - INFO - Epoch 92/500 | train_total: 13.8580 | val --
2025-07-04 13:20:10,504 - INFO - Epoch 93/500 | train_total: 13.7444 | dereverb: 10.8956 | rir: 2.8487
Epoch 93/500 | train_total: 13.7444 | val --
2025-07-04 13:20:10,504 - INFO - Epoch 93/500 | train_total: 13.7444 | val --
2025-07-04 13:21:52,029 - INFO - Epoch 94/500 | train_total: 13.8012 | dereverb: 10.9374 | rir: 2.8638
Epoch 94/500 | train_total: 13.8012 | val --
2025-07-04 13:21:52,029 - INFO - Epoch 94/500 | train_total: 13.8012 | val --
2025-07-04 13:23:32,794 - INFO - Epoch 95/500 | train_total: 13.6682 | dereverb: 10.8342 | rir: 2.8340
Epoch 95/500 | train_total: 13.6682 | val_total: 17.2975 | val_dereverb: 14.2619 | val_rir: 3.0355
2025-07-04 13:23:34,647 - INFO - Epoch 95/500 | train_total: 13.6682 | val_total: 17.2975 | val_dereverb: 14.2619 | val_rir: 3.0355
2025-07-04 13:25:16,004 - INFO - Epoch 96/500 | train_total: 13.5845 | dereverb: 10.7251 | rir: 2.8594
Epoch 96/500 | train_total: 13.5845 | val --
2025-07-04 13:25:16,004 - INFO - Epoch 96/500 | train_total: 13.5845 | val --
2025-07-04 13:26:57,317 - INFO - Epoch 97/500 | train_total: 13.5803 | dereverb: 10.7372 | rir: 2.8431
Epoch 97/500 | train_total: 13.5803 | val --
2025-07-04 13:26:57,318 - INFO - Epoch 97/500 | train_total: 13.5803 | val --
2025-07-04 13:28:38,275 - INFO - Epoch 98/500 | train_total: 13.6395 | dereverb: 10.7988 | rir: 2.8407
Epoch 98/500 | train_total: 13.6395 | val --
2025-07-04 13:28:38,275 - INFO - Epoch 98/500 | train_total: 13.6395 | val --
2025-07-04 13:30:19,099 - INFO - Epoch 99/500 | train_total: 13.8505 | dereverb: 10.9904 | rir: 2.8601
Epoch 99/500 | train_total: 13.8505 | val --
2025-07-04 13:30:19,099 - INFO - Epoch 99/500 | train_total: 13.8505 | val --
2025-07-04 13:32:00,360 - INFO - Epoch 100/500 | train_total: 13.8772 | dereverb: 10.9668 | rir: 2.9104
Epoch 100/500 | train_total: 13.8772 | val_total: 17.3139 | val_dereverb: 14.2055 | val_rir: 3.1084
2025-07-04 13:32:02,200 - INFO - Epoch 100/500 | train_total: 13.8772 | val_total: 17.3139 | val_dereverb: 14.2055 | val_rir: 3.1084
2025-07-04 13:32:03,154 - INFO - Model saved at epoch 100
2025-07-04 13:33:43,239 - INFO - Epoch 101/500 | train_total: 13.7300 | dereverb: 10.8682 | rir: 2.8617
Epoch 101/500 | train_total: 13.7300 | val --
2025-07-04 13:33:43,239 - INFO - Epoch 101/500 | train_total: 13.7300 | val --
2025-07-04 13:35:24,645 - INFO - Epoch 102/500 | train_total: 13.8620 | dereverb: 10.9972 | rir: 2.8649
Epoch 102/500 | train_total: 13.8620 | val --
2025-07-04 13:35:24,646 - INFO - Epoch 102/500 | train_total: 13.8620 | val --
2025-07-04 13:37:05,856 - INFO - Epoch 103/500 | train_total: 13.6663 | dereverb: 10.8335 | rir: 2.8328
Epoch 103/500 | train_total: 13.6663 | val --
2025-07-04 13:37:05,856 - INFO - Epoch 103/500 | train_total: 13.6663 | val --
2025-07-04 13:38:46,813 - INFO - Epoch 104/500 | train_total: 13.7460 | dereverb: 10.8959 | rir: 2.8501
Epoch 104/500 | train_total: 13.7460 | val --
2025-07-04 13:38:46,813 - INFO - Epoch 104/500 | train_total: 13.7460 | val --
2025-07-04 13:40:27,764 - INFO - Epoch 105/500 | train_total: 13.7057 | dereverb: 10.8798 | rir: 2.8260
Epoch 105/500 | train_total: 13.7057 | val_total: 17.1428 | val_dereverb: 14.1243 | val_rir: 3.0185
2025-07-04 13:40:29,616 - INFO - Epoch 105/500 | train_total: 13.7057 | val_total: 17.1428 | val_dereverb: 14.1243 | val_rir: 3.0185
2025-07-04 13:42:10,198 - INFO - Epoch 106/500 | train_total: 13.8011 | dereverb: 10.9565 | rir: 2.8446
Epoch 106/500 | train_total: 13.8011 | val --
2025-07-04 13:42:10,198 - INFO - Epoch 106/500 | train_total: 13.8011 | val --
2025-07-04 13:43:51,067 - INFO - Epoch 107/500 | train_total: 13.5595 | dereverb: 10.7362 | rir: 2.8233
Epoch 107/500 | train_total: 13.5595 | val --
2025-07-04 13:43:51,067 - INFO - Epoch 107/500 | train_total: 13.5595 | val --
2025-07-04 13:45:32,412 - INFO - Epoch 108/500 | train_total: 13.6756 | dereverb: 10.8487 | rir: 2.8269
Epoch 108/500 | train_total: 13.6756 | val --
2025-07-04 13:45:32,412 - INFO - Epoch 108/500 | train_total: 13.6756 | val --
2025-07-04 13:47:13,094 - INFO - Epoch 109/500 | train_total: 13.5727 | dereverb: 10.7384 | rir: 2.8343
Epoch 109/500 | train_total: 13.5727 | val --
2025-07-04 13:47:13,095 - INFO - Epoch 109/500 | train_total: 13.5727 | val --
2025-07-04 13:48:54,213 - INFO - Epoch 110/500 | train_total: 13.4278 | dereverb: 10.6090 | rir: 2.8188
Epoch 110/500 | train_total: 13.4278 | val_total: 17.2151 | val_dereverb: 14.2138 | val_rir: 3.0013
2025-07-04 13:48:56,052 - INFO - Epoch 110/500 | train_total: 13.4278 | val_total: 17.2151 | val_dereverb: 14.2138 | val_rir: 3.0013
2025-07-04 13:50:37,794 - INFO - Epoch 111/500 | train_total: 13.3941 | dereverb: 10.5547 | rir: 2.8394
Epoch 111/500 | train_total: 13.3941 | val --
2025-07-04 13:50:37,794 - INFO - Epoch 111/500 | train_total: 13.3941 | val --
2025-07-04 13:52:19,014 - INFO - Epoch 112/500 | train_total: 13.6076 | dereverb: 10.7951 | rir: 2.8125
Epoch 112/500 | train_total: 13.6076 | val --
2025-07-04 13:52:19,015 - INFO - Epoch 112/500 | train_total: 13.6076 | val --
2025-07-04 13:53:59,709 - INFO - Epoch 113/500 | train_total: 13.5176 | dereverb: 10.6829 | rir: 2.8347
Epoch 113/500 | train_total: 13.5176 | val --
2025-07-04 13:53:59,709 - INFO - Epoch 113/500 | train_total: 13.5176 | val --
2025-07-04 13:55:40,429 - INFO - Epoch 114/500 | train_total: 13.5318 | dereverb: 10.6958 | rir: 2.8361
Epoch 114/500 | train_total: 13.5318 | val --
2025-07-04 13:55:40,429 - INFO - Epoch 114/500 | train_total: 13.5318 | val --
2025-07-04 13:57:21,509 - INFO - Epoch 115/500 | train_total: 13.5387 | dereverb: 10.7165 | rir: 2.8221
Epoch 115/500 | train_total: 13.5387 | val_total: 16.9806 | val_dereverb: 14.0138 | val_rir: 2.9669
2025-07-04 13:57:23,358 - INFO - Epoch 115/500 | train_total: 13.5387 | val_total: 16.9806 | val_dereverb: 14.0138 | val_rir: 2.9669
2025-07-04 13:59:04,297 - INFO - Epoch 116/500 | train_total: 13.7429 | dereverb: 10.8968 | rir: 2.8461
Epoch 116/500 | train_total: 13.7429 | val --
2025-07-04 13:59:04,297 - INFO - Epoch 116/500 | train_total: 13.7429 | val --
2025-07-04 14:00:45,304 - INFO - Epoch 117/500 | train_total: 13.4521 | dereverb: 10.6463 | rir: 2.8057
Epoch 117/500 | train_total: 13.4521 | val --
2025-07-04 14:00:45,304 - INFO - Epoch 117/500 | train_total: 13.4521 | val --
2025-07-04 14:02:26,282 - INFO - Epoch 118/500 | train_total: 13.4428 | dereverb: 10.6298 | rir: 2.8130
Epoch 118/500 | train_total: 13.4428 | val --
2025-07-04 14:02:26,283 - INFO - Epoch 118/500 | train_total: 13.4428 | val --
2025-07-04 14:04:07,619 - INFO - Epoch 119/500 | train_total: 13.4400 | dereverb: 10.6241 | rir: 2.8159
Epoch 119/500 | train_total: 13.4400 | val --
2025-07-04 14:04:07,619 - INFO - Epoch 119/500 | train_total: 13.4400 | val --
2025-07-04 14:05:48,840 - INFO - Epoch 120/500 | train_total: 13.3111 | dereverb: 10.4742 | rir: 2.8369
Epoch 120/500 | train_total: 13.3111 | val_total: 17.0481 | val_dereverb: 14.0774 | val_rir: 2.9707
2025-07-04 14:05:50,751 - INFO - Epoch 120/500 | train_total: 13.3111 | val_total: 17.0481 | val_dereverb: 14.0774 | val_rir: 2.9707
2025-07-04 14:05:51,723 - INFO - Model saved at epoch 120
2025-07-04 14:07:32,064 - INFO - Epoch 121/500 | train_total: 13.4635 | dereverb: 10.6347 | rir: 2.8288
Epoch 121/500 | train_total: 13.4635 | val --
2025-07-04 14:07:32,064 - INFO - Epoch 121/500 | train_total: 13.4635 | val --
2025-07-04 14:09:12,856 - INFO - Epoch 122/500 | train_total: 13.5883 | dereverb: 10.7691 | rir: 2.8192
Epoch 122/500 | train_total: 13.5883 | val --
2025-07-04 14:09:12,856 - INFO - Epoch 122/500 | train_total: 13.5883 | val --
2025-07-04 14:10:54,007 - INFO - Epoch 123/500 | train_total: 13.4770 | dereverb: 10.6430 | rir: 2.8340
Epoch 123/500 | train_total: 13.4770 | val --
2025-07-04 14:10:54,007 - INFO - Epoch 123/500 | train_total: 13.4770 | val --
2025-07-04 14:12:35,611 - INFO - Epoch 124/500 | train_total: 13.3749 | dereverb: 10.5529 | rir: 2.8220
Epoch 124/500 | train_total: 13.3749 | val --
2025-07-04 14:12:35,611 - INFO - Epoch 124/500 | train_total: 13.3749 | val --
2025-07-04 14:14:16,552 - INFO - Epoch 125/500 | train_total: 13.3276 | dereverb: 10.5263 | rir: 2.8013
Epoch 125/500 | train_total: 13.3276 | val_total: 16.9743 | val_dereverb: 14.0114 | val_rir: 2.9629
2025-07-04 14:14:18,372 - INFO - Epoch 125/500 | train_total: 13.3276 | val_total: 16.9743 | val_dereverb: 14.0114 | val_rir: 2.9629
2025-07-04 14:15:59,503 - INFO - Epoch 126/500 | train_total: 13.6831 | dereverb: 10.8609 | rir: 2.8221
Epoch 126/500 | train_total: 13.6831 | val --
2025-07-04 14:15:59,503 - INFO - Epoch 126/500 | train_total: 13.6831 | val --
2025-07-04 14:17:40,181 - INFO - Epoch 127/500 | train_total: 13.5095 | dereverb: 10.7007 | rir: 2.8088
Epoch 127/500 | train_total: 13.5095 | val --
2025-07-04 14:17:40,181 - INFO - Epoch 127/500 | train_total: 13.5095 | val --
2025-07-04 14:19:21,472 - INFO - Epoch 128/500 | train_total: 13.5245 | dereverb: 10.7246 | rir: 2.7999
Epoch 128/500 | train_total: 13.5245 | val --
2025-07-04 14:19:21,472 - INFO - Epoch 128/500 | train_total: 13.5245 | val --
2025-07-04 14:21:02,557 - INFO - Epoch 129/500 | train_total: 13.2119 | dereverb: 10.4121 | rir: 2.7998
Epoch 129/500 | train_total: 13.2119 | val --
2025-07-04 14:21:02,557 - INFO - Epoch 129/500 | train_total: 13.2119 | val --
2025-07-04 14:22:43,348 - INFO - Epoch 130/500 | train_total: 13.4564 | dereverb: 10.6587 | rir: 2.7977
Epoch 130/500 | train_total: 13.4564 | val_total: 17.0479 | val_dereverb: 14.0567 | val_rir: 2.9912
2025-07-04 14:22:45,189 - INFO - Epoch 130/500 | train_total: 13.4564 | val_total: 17.0479 | val_dereverb: 14.0567 | val_rir: 2.9912
2025-07-04 14:24:26,769 - INFO - Epoch 131/500 | train_total: 13.2917 | dereverb: 10.4849 | rir: 2.8068
Epoch 131/500 | train_total: 13.2917 | val --
2025-07-04 14:24:26,769 - INFO - Epoch 131/500 | train_total: 13.2917 | val --
2025-07-04 14:26:07,829 - INFO - Epoch 132/500 | train_total: 13.6938 | dereverb: 10.8728 | rir: 2.8210
Epoch 132/500 | train_total: 13.6938 | val --
2025-07-04 14:26:07,830 - INFO - Epoch 132/500 | train_total: 13.6938 | val --
2025-07-04 14:27:48,734 - INFO - Epoch 133/500 | train_total: 13.5375 | dereverb: 10.7275 | rir: 2.8100
Epoch 133/500 | train_total: 13.5375 | val --
2025-07-04 14:27:48,734 - INFO - Epoch 133/500 | train_total: 13.5375 | val --
2025-07-04 14:29:30,131 - INFO - Epoch 134/500 | train_total: 13.2451 | dereverb: 10.4351 | rir: 2.8100
Epoch 134/500 | train_total: 13.2451 | val --
2025-07-04 14:29:30,131 - INFO - Epoch 134/500 | train_total: 13.2451 | val --
2025-07-04 14:31:11,226 - INFO - Epoch 135/500 | train_total: 13.3548 | dereverb: 10.5591 | rir: 2.7957
Epoch 135/500 | train_total: 13.3548 | val_total: 16.8829 | val_dereverb: 13.9241 | val_rir: 2.9588
2025-07-04 14:31:13,068 - INFO - Epoch 135/500 | train_total: 13.3548 | val_total: 16.8829 | val_dereverb: 13.9241 | val_rir: 2.9588
2025-07-04 14:32:53,639 - INFO - Epoch 136/500 | train_total: 13.5312 | dereverb: 10.7209 | rir: 2.8104
Epoch 136/500 | train_total: 13.5312 | val --
2025-07-04 14:32:53,639 - INFO - Epoch 136/500 | train_total: 13.5312 | val --
2025-07-04 14:34:34,527 - INFO - Epoch 137/500 | train_total: 13.2906 | dereverb: 10.4902 | rir: 2.8004
Epoch 137/500 | train_total: 13.2906 | val --
2025-07-04 14:34:34,528 - INFO - Epoch 137/500 | train_total: 13.2906 | val --
2025-07-04 14:36:15,784 - INFO - Epoch 138/500 | train_total: 13.3598 | dereverb: 10.5456 | rir: 2.8142
Epoch 138/500 | train_total: 13.3598 | val --
2025-07-04 14:36:15,785 - INFO - Epoch 138/500 | train_total: 13.3598 | val --
2025-07-04 14:37:56,665 - INFO - Epoch 139/500 | train_total: 14.2963 | dereverb: 11.0371 | rir: 3.2593
Epoch 139/500 | train_total: 14.2963 | val --
2025-07-04 14:37:56,665 - INFO - Epoch 139/500 | train_total: 14.2963 | val --
2025-07-04 14:39:37,469 - INFO - Epoch 140/500 | train_total: 14.4956 | dereverb: 11.3006 | rir: 3.1949
Epoch 140/500 | train_total: 14.4956 | val_total: 16.9853 | val_dereverb: 13.9481 | val_rir: 3.0372
2025-07-04 14:39:39,317 - INFO - Epoch 140/500 | train_total: 14.4956 | val_total: 16.9853 | val_dereverb: 13.9481 | val_rir: 3.0372
2025-07-04 14:39:40,286 - INFO - Model saved at epoch 140
2025-07-04 14:41:20,561 - INFO - Epoch 141/500 | train_total: 13.3281 | dereverb: 10.5130 | rir: 2.8151
Epoch 141/500 | train_total: 13.3281 | val --
2025-07-04 14:41:20,561 - INFO - Epoch 141/500 | train_total: 13.3281 | val --
2025-07-04 14:43:01,573 - INFO - Epoch 142/500 | train_total: 13.3387 | dereverb: 10.5492 | rir: 2.7896
Epoch 142/500 | train_total: 13.3387 | val --
2025-07-04 14:43:01,573 - INFO - Epoch 142/500 | train_total: 13.3387 | val --
2025-07-04 14:44:42,873 - INFO - Epoch 143/500 | train_total: 13.1887 | dereverb: 10.4014 | rir: 2.7873
Epoch 143/500 | train_total: 13.1887 | val --
2025-07-04 14:44:42,873 - INFO - Epoch 143/500 | train_total: 13.1887 | val --
2025-07-04 14:46:23,911 - INFO - Epoch 144/500 | train_total: 13.4092 | dereverb: 10.6127 | rir: 2.7965
Epoch 144/500 | train_total: 13.4092 | val --
2025-07-04 14:46:23,911 - INFO - Epoch 144/500 | train_total: 13.4092 | val --
2025-07-04 14:48:05,021 - INFO - Epoch 145/500 | train_total: 13.3376 | dereverb: 10.5403 | rir: 2.7973
Epoch 145/500 | train_total: 13.3376 | val_total: 16.9001 | val_dereverb: 13.9888 | val_rir: 2.9113
2025-07-04 14:48:06,946 - INFO - Epoch 145/500 | train_total: 13.3376 | val_total: 16.9001 | val_dereverb: 13.9888 | val_rir: 2.9113
2025-07-04 14:49:47,511 - INFO - Epoch 146/500 | train_total: 13.4226 | dereverb: 10.6387 | rir: 2.7839
Epoch 146/500 | train_total: 13.4226 | val --
2025-07-04 14:49:47,511 - INFO - Epoch 146/500 | train_total: 13.4226 | val --
2025-07-04 14:51:28,353 - INFO - Epoch 147/500 | train_total: 13.4777 | dereverb: 10.6792 | rir: 2.7984
Epoch 147/500 | train_total: 13.4777 | val --
2025-07-04 14:51:28,354 - INFO - Epoch 147/500 | train_total: 13.4777 | val --
2025-07-04 14:53:09,246 - INFO - Epoch 148/500 | train_total: 13.3873 | dereverb: 10.6044 | rir: 2.7830
Epoch 148/500 | train_total: 13.3873 | val --
2025-07-04 14:53:09,246 - INFO - Epoch 148/500 | train_total: 13.3873 | val --
2025-07-04 14:54:49,829 - INFO - Epoch 149/500 | train_total: 13.1576 | dereverb: 10.3687 | rir: 2.7888
Epoch 149/500 | train_total: 13.1576 | val --
2025-07-04 14:54:49,830 - INFO - Epoch 149/500 | train_total: 13.1576 | val --
2025-07-04 14:56:30,500 - INFO - Epoch 150/500 | train_total: 13.1974 | dereverb: 10.4144 | rir: 2.7830
Epoch 150/500 | train_total: 13.1974 | val_total: 16.8400 | val_dereverb: 13.9112 | val_rir: 2.9288
2025-07-04 14:56:32,391 - INFO - Epoch 150/500 | train_total: 13.1974 | val_total: 16.8400 | val_dereverb: 13.9112 | val_rir: 2.9288
2025-07-04 14:58:13,885 - INFO - Epoch 151/500 | train_total: 13.3213 | dereverb: 10.5463 | rir: 2.7750
Epoch 151/500 | train_total: 13.3213 | val --
2025-07-04 14:58:13,885 - INFO - Epoch 151/500 | train_total: 13.3213 | val --
2025-07-04 14:59:54,602 - INFO - Epoch 152/500 | train_total: 13.2218 | dereverb: 10.4339 | rir: 2.7878
Epoch 152/500 | train_total: 13.2218 | val --
2025-07-04 14:59:54,602 - INFO - Epoch 152/500 | train_total: 13.2218 | val --
2025-07-04 15:01:35,522 - INFO - Epoch 153/500 | train_total: 13.0156 | dereverb: 10.2453 | rir: 2.7704
Epoch 153/500 | train_total: 13.0156 | val --
2025-07-04 15:01:35,523 - INFO - Epoch 153/500 | train_total: 13.0156 | val --
2025-07-04 15:03:16,416 - INFO - Epoch 154/500 | train_total: 13.2851 | dereverb: 10.5029 | rir: 2.7822
Epoch 154/500 | train_total: 13.2851 | val --
2025-07-04 15:03:16,417 - INFO - Epoch 154/500 | train_total: 13.2851 | val --
2025-07-04 15:04:57,092 - INFO - Epoch 155/500 | train_total: 13.0982 | dereverb: 10.3154 | rir: 2.7828
Epoch 155/500 | train_total: 13.0982 | val_total: 16.7522 | val_dereverb: 13.8420 | val_rir: 2.9102
2025-07-04 15:04:58,913 - INFO - Epoch 155/500 | train_total: 13.0982 | val_total: 16.7522 | val_dereverb: 13.8420 | val_rir: 2.9102
2025-07-04 15:06:39,701 - INFO - Epoch 156/500 | train_total: 13.0822 | dereverb: 10.3133 | rir: 2.7689
Epoch 156/500 | train_total: 13.0822 | val --
2025-07-04 15:06:39,702 - INFO - Epoch 156/500 | train_total: 13.0822 | val --
2025-07-04 15:08:20,846 - INFO - Epoch 157/500 | train_total: 13.0325 | dereverb: 10.2550 | rir: 2.7775
Epoch 157/500 | train_total: 13.0325 | val --
2025-07-04 15:08:20,846 - INFO - Epoch 157/500 | train_total: 13.0325 | val --
2025-07-04 15:10:01,658 - INFO - Epoch 158/500 | train_total: 12.9308 | dereverb: 10.1527 | rir: 2.7781
Epoch 158/500 | train_total: 12.9308 | val --
2025-07-04 15:10:01,658 - INFO - Epoch 158/500 | train_total: 12.9308 | val --
2025-07-04 15:11:42,464 - INFO - Epoch 159/500 | train_total: 13.2005 | dereverb: 10.4190 | rir: 2.7815
Epoch 159/500 | train_total: 13.2005 | val --
2025-07-04 15:11:42,464 - INFO - Epoch 159/500 | train_total: 13.2005 | val --
2025-07-04 15:13:23,251 - INFO - Epoch 160/500 | train_total: 13.0492 | dereverb: 10.2618 | rir: 2.7874
Epoch 160/500 | train_total: 13.0492 | val_total: 16.7484 | val_dereverb: 13.8428 | val_rir: 2.9056
2025-07-04 15:13:25,106 - INFO - Epoch 160/500 | train_total: 13.0492 | val_total: 16.7484 | val_dereverb: 13.8428 | val_rir: 2.9056
2025-07-04 15:13:26,055 - INFO - Model saved at epoch 160
2025-07-04 15:15:06,708 - INFO - Epoch 161/500 | train_total: 13.0483 | dereverb: 10.2694 | rir: 2.7790
Epoch 161/500 | train_total: 13.0483 | val --
2025-07-04 15:15:06,708 - INFO - Epoch 161/500 | train_total: 13.0483 | val --
2025-07-04 15:16:47,439 - INFO - Epoch 162/500 | train_total: 13.2741 | dereverb: 10.5029 | rir: 2.7712
Epoch 162/500 | train_total: 13.2741 | val --
2025-07-04 15:16:47,439 - INFO - Epoch 162/500 | train_total: 13.2741 | val --
2025-07-04 15:18:28,222 - INFO - Epoch 163/500 | train_total: 13.2490 | dereverb: 10.4641 | rir: 2.7849
Epoch 163/500 | train_total: 13.2490 | val --
2025-07-04 15:18:28,223 - INFO - Epoch 163/500 | train_total: 13.2490 | val --
2025-07-04 15:20:09,131 - INFO - Epoch 164/500 | train_total: 13.2048 | dereverb: 10.4356 | rir: 2.7692
Epoch 164/500 | train_total: 13.2048 | val --
2025-07-04 15:20:09,132 - INFO - Epoch 164/500 | train_total: 13.2048 | val --
2025-07-04 15:21:49,811 - INFO - Epoch 165/500 | train_total: 13.0431 | dereverb: 10.2655 | rir: 2.7777
Epoch 165/500 | train_total: 13.0431 | val_total: 16.7428 | val_dereverb: 13.8304 | val_rir: 2.9124
2025-07-04 15:21:51,626 - INFO - Epoch 165/500 | train_total: 13.0431 | val_total: 16.7428 | val_dereverb: 13.8304 | val_rir: 2.9124
2025-07-04 15:23:32,848 - INFO - Epoch 166/500 | train_total: 13.1492 | dereverb: 10.3713 | rir: 2.7779
Epoch 166/500 | train_total: 13.1492 | val --
2025-07-04 15:23:32,848 - INFO - Epoch 166/500 | train_total: 13.1492 | val --
2025-07-04 15:25:13,924 - INFO - Epoch 167/500 | train_total: 13.2049 | dereverb: 10.4122 | rir: 2.7927
Epoch 167/500 | train_total: 13.2049 | val --
2025-07-04 15:25:13,925 - INFO - Epoch 167/500 | train_total: 13.2049 | val --
2025-07-04 15:26:54,619 - INFO - Epoch 168/500 | train_total: 13.0761 | dereverb: 10.2889 | rir: 2.7871
Epoch 168/500 | train_total: 13.0761 | val --
2025-07-04 15:26:54,619 - INFO - Epoch 168/500 | train_total: 13.0761 | val --
2025-07-04 15:28:35,397 - INFO - Epoch 169/500 | train_total: 13.1285 | dereverb: 10.3606 | rir: 2.7679
Epoch 169/500 | train_total: 13.1285 | val --
2025-07-04 15:28:35,397 - INFO - Epoch 169/500 | train_total: 13.1285 | val --
2025-07-04 15:30:16,692 - INFO - Epoch 170/500 | train_total: 13.2544 | dereverb: 10.4630 | rir: 2.7913
Epoch 170/500 | train_total: 13.2544 | val_total: 16.8903 | val_dereverb: 13.9644 | val_rir: 2.9259
2025-07-04 15:30:18,549 - INFO - Epoch 170/500 | train_total: 13.2544 | val_total: 16.8903 | val_dereverb: 13.9644 | val_rir: 2.9259
2025-07-04 15:31:58,761 - INFO - Epoch 171/500 | train_total: 12.8846 | dereverb: 10.1082 | rir: 2.7764
Epoch 171/500 | train_total: 12.8846 | val --
2025-07-04 15:31:58,761 - INFO - Epoch 171/500 | train_total: 12.8846 | val --
2025-07-04 15:33:39,659 - INFO - Epoch 172/500 | train_total: 13.2359 | dereverb: 10.4670 | rir: 2.7689
Epoch 172/500 | train_total: 13.2359 | val --
2025-07-04 15:33:39,659 - INFO - Epoch 172/500 | train_total: 13.2359 | val --
2025-07-04 15:35:20,761 - INFO - Epoch 173/500 | train_total: 13.0557 | dereverb: 10.2690 | rir: 2.7867
Epoch 173/500 | train_total: 13.0557 | val --
2025-07-04 15:35:20,761 - INFO - Epoch 173/500 | train_total: 13.0557 | val --
2025-07-04 15:37:01,911 - INFO - Epoch 174/500 | train_total: 12.8348 | dereverb: 10.0584 | rir: 2.7764
Epoch 174/500 | train_total: 12.8348 | val --
2025-07-04 15:37:01,911 - INFO - Epoch 174/500 | train_total: 12.8348 | val --
2025-07-04 15:38:42,498 - INFO - Epoch 175/500 | train_total: 13.0837 | dereverb: 10.3227 | rir: 2.7610
Epoch 175/500 | train_total: 13.0837 | val_total: 16.7206 | val_dereverb: 13.8342 | val_rir: 2.8864
2025-07-04 15:38:44,342 - INFO - Epoch 175/500 | train_total: 13.0837 | val_total: 16.7206 | val_dereverb: 13.8342 | val_rir: 2.8864
2025-07-04 15:40:25,672 - INFO - Epoch 176/500 | train_total: 13.0147 | dereverb: 10.2644 | rir: 2.7503
Epoch 176/500 | train_total: 13.0147 | val --
2025-07-04 15:40:25,672 - INFO - Epoch 176/500 | train_total: 13.0147 | val --
2025-07-04 15:42:06,705 - INFO - Epoch 177/500 | train_total: 12.8140 | dereverb: 10.0547 | rir: 2.7593
Epoch 177/500 | train_total: 12.8140 | val --
2025-07-04 15:42:06,705 - INFO - Epoch 177/500 | train_total: 12.8140 | val --
2025-07-04 15:43:48,379 - INFO - Epoch 178/500 | train_total: 12.9443 | dereverb: 10.1649 | rir: 2.7794
Epoch 178/500 | train_total: 12.9443 | val --
2025-07-04 15:43:48,379 - INFO - Epoch 178/500 | train_total: 12.9443 | val --
2025-07-04 15:45:29,204 - INFO - Epoch 179/500 | train_total: 13.1335 | dereverb: 10.3665 | rir: 2.7670
Epoch 179/500 | train_total: 13.1335 | val --
2025-07-04 15:45:29,205 - INFO - Epoch 179/500 | train_total: 13.1335 | val --
2025-07-04 15:47:09,810 - INFO - Epoch 180/500 | train_total: 12.7827 | dereverb: 10.0112 | rir: 2.7715
Epoch 180/500 | train_total: 12.7827 | val_total: 16.6783 | val_dereverb: 13.7678 | val_rir: 2.9105
2025-07-04 15:47:11,655 - INFO - Epoch 180/500 | train_total: 12.7827 | val_total: 16.6783 | val_dereverb: 13.7678 | val_rir: 2.9105
2025-07-04 15:47:12,595 - INFO - Model saved at epoch 180
2025-07-04 15:48:52,599 - INFO - Epoch 181/500 | train_total: 13.0460 | dereverb: 10.2598 | rir: 2.7862
Epoch 181/500 | train_total: 13.0460 | val --
2025-07-04 15:48:52,599 - INFO - Epoch 181/500 | train_total: 13.0460 | val --
2025-07-04 15:50:33,161 - INFO - Epoch 182/500 | train_total: 13.0378 | dereverb: 10.2772 | rir: 2.7606
Epoch 182/500 | train_total: 13.0378 | val --
2025-07-04 15:50:33,161 - INFO - Epoch 182/500 | train_total: 13.0378 | val --
2025-07-04 15:52:13,953 - INFO - Epoch 183/500 | train_total: 13.0457 | dereverb: 10.2758 | rir: 2.7699
Epoch 183/500 | train_total: 13.0457 | val --
2025-07-04 15:52:13,953 - INFO - Epoch 183/500 | train_total: 13.0457 | val --
2025-07-04 15:53:54,580 - INFO - Epoch 184/500 | train_total: 12.9988 | dereverb: 10.2304 | rir: 2.7683
Epoch 184/500 | train_total: 12.9988 | val --
2025-07-04 15:53:54,580 - INFO - Epoch 184/500 | train_total: 12.9988 | val --
2025-07-04 15:55:35,275 - INFO - Epoch 185/500 | train_total: 13.0107 | dereverb: 10.2459 | rir: 2.7648
Epoch 185/500 | train_total: 13.0107 | val_total: 16.5056 | val_dereverb: 13.6262 | val_rir: 2.8794
2025-07-04 15:55:37,124 - INFO - Epoch 185/500 | train_total: 13.0107 | val_total: 16.5056 | val_dereverb: 13.6262 | val_rir: 2.8794
2025-07-04 15:57:18,077 - INFO - Epoch 186/500 | train_total: 12.9497 | dereverb: 10.1840 | rir: 2.7657
Epoch 186/500 | train_total: 12.9497 | val --
2025-07-04 15:57:18,077 - INFO - Epoch 186/500 | train_total: 12.9497 | val --
2025-07-04 15:58:59,194 - INFO - Epoch 187/500 | train_total: 12.8061 | dereverb: 10.0428 | rir: 2.7633
Epoch 187/500 | train_total: 12.8061 | val --
2025-07-04 15:58:59,194 - INFO - Epoch 187/500 | train_total: 12.8061 | val --
2025-07-04 16:00:40,095 - INFO - Epoch 188/500 | train_total: 13.0513 | dereverb: 10.2915 | rir: 2.7598
Epoch 188/500 | train_total: 13.0513 | val --
2025-07-04 16:00:40,095 - INFO - Epoch 188/500 | train_total: 13.0513 | val --
2025-07-04 16:02:20,873 - INFO - Epoch 189/500 | train_total: 13.1101 | dereverb: 10.3395 | rir: 2.7706
Epoch 189/500 | train_total: 13.1101 | val --
2025-07-04 16:02:20,873 - INFO - Epoch 189/500 | train_total: 13.1101 | val --
2025-07-04 16:04:01,621 - INFO - Epoch 190/500 | train_total: 12.8483 | dereverb: 10.0891 | rir: 2.7593
Epoch 190/500 | train_total: 12.8483 | val_total: 16.6646 | val_dereverb: 13.7724 | val_rir: 2.8923
2025-07-04 16:04:03,476 - INFO - Epoch 190/500 | train_total: 12.8483 | val_total: 16.6646 | val_dereverb: 13.7724 | val_rir: 2.8923
2025-07-04 16:05:44,923 - INFO - Epoch 191/500 | train_total: 13.2077 | dereverb: 10.4378 | rir: 2.7698
Epoch 191/500 | train_total: 13.2077 | val --
2025-07-04 16:05:44,924 - INFO - Epoch 191/500 | train_total: 13.2077 | val --
2025-07-04 16:07:26,068 - INFO - Epoch 192/500 | train_total: 12.8763 | dereverb: 10.0907 | rir: 2.7856
Epoch 192/500 | train_total: 12.8763 | val --
2025-07-04 16:07:26,068 - INFO - Epoch 192/500 | train_total: 12.8763 | val --
2025-07-04 16:09:06,695 - INFO - Epoch 193/500 | train_total: 12.9536 | dereverb: 10.1844 | rir: 2.7692
Epoch 193/500 | train_total: 12.9536 | val --
2025-07-04 16:09:06,696 - INFO - Epoch 193/500 | train_total: 12.9536 | val --
2025-07-04 16:10:47,571 - INFO - Epoch 194/500 | train_total: 13.0345 | dereverb: 10.2656 | rir: 2.7689
Epoch 194/500 | train_total: 13.0345 | val --
2025-07-04 16:10:47,572 - INFO - Epoch 194/500 | train_total: 13.0345 | val --
2025-07-04 16:12:28,084 - INFO - Epoch 195/500 | train_total: 12.9570 | dereverb: 10.1939 | rir: 2.7631
Epoch 195/500 | train_total: 12.9570 | val_total: 16.5981 | val_dereverb: 13.7293 | val_rir: 2.8688
2025-07-04 16:12:29,969 - INFO - Epoch 195/500 | train_total: 12.9570 | val_total: 16.5981 | val_dereverb: 13.7293 | val_rir: 2.8688
2025-07-04 16:14:10,764 - INFO - Epoch 196/500 | train_total: 12.8190 | dereverb: 10.0490 | rir: 2.7700
Epoch 196/500 | train_total: 12.8190 | val --
2025-07-04 16:14:10,764 - INFO - Epoch 196/500 | train_total: 12.8190 | val --
2025-07-04 16:15:51,785 - INFO - Epoch 197/500 | train_total: 12.9539 | dereverb: 10.1998 | rir: 2.7541
Epoch 197/500 | train_total: 12.9539 | val --
2025-07-04 16:15:51,785 - INFO - Epoch 197/500 | train_total: 12.9539 | val --
2025-07-04 16:17:32,268 - INFO - Epoch 198/500 | train_total: 12.8355 | dereverb: 10.0693 | rir: 2.7662
Epoch 198/500 | train_total: 12.8355 | val --
2025-07-04 16:17:32,268 - INFO - Epoch 198/500 | train_total: 12.8355 | val --
2025-07-04 16:19:12,681 - INFO - Epoch 199/500 | train_total: 12.8347 | dereverb: 10.0824 | rir: 2.7523
Epoch 199/500 | train_total: 12.8347 | val --
2025-07-04 16:19:12,681 - INFO - Epoch 199/500 | train_total: 12.8347 | val --
2025-07-04 16:20:52,255 - INFO - Epoch 200/500 | train_total: 12.8334 | dereverb: 10.0732 | rir: 2.7602
Epoch 200/500 | train_total: 12.8334 | val_total: 16.6772 | val_dereverb: 13.7715 | val_rir: 2.9057
2025-07-04 16:20:54,138 - INFO - Epoch 200/500 | train_total: 12.8334 | val_total: 16.6772 | val_dereverb: 13.7715 | val_rir: 2.9057
2025-07-04 16:20:55,089 - INFO - Model saved at epoch 200
2025-07-04 16:22:34,872 - INFO - Epoch 201/500 | train_total: 12.9753 | dereverb: 10.2086 | rir: 2.7667
Epoch 201/500 | train_total: 12.9753 | val --
2025-07-04 16:22:34,872 - INFO - Epoch 201/500 | train_total: 12.9753 | val --
2025-07-04 16:24:15,434 - INFO - Epoch 202/500 | train_total: 12.7969 | dereverb: 10.0459 | rir: 2.7510
Epoch 202/500 | train_total: 12.7969 | val --
2025-07-04 16:24:15,434 - INFO - Epoch 202/500 | train_total: 12.7969 | val --
2025-07-04 16:25:56,215 - INFO - Epoch 203/500 | train_total: 12.9196 | dereverb: 10.1624 | rir: 2.7572
Epoch 203/500 | train_total: 12.9196 | val --
2025-07-04 16:25:56,215 - INFO - Epoch 203/500 | train_total: 12.9196 | val --
2025-07-04 16:27:37,157 - INFO - Epoch 204/500 | train_total: 12.8602 | dereverb: 10.0957 | rir: 2.7646
Epoch 204/500 | train_total: 12.8602 | val --
2025-07-04 16:27:37,157 - INFO - Epoch 204/500 | train_total: 12.8602 | val --
2025-07-04 16:29:18,186 - INFO - Epoch 205/500 | train_total: 12.6986 | dereverb: 9.9449 | rir: 2.7537
Epoch 205/500 | train_total: 12.6986 | val_total: 16.5495 | val_dereverb: 13.6848 | val_rir: 2.8647
2025-07-04 16:29:20,044 - INFO - Epoch 205/500 | train_total: 12.6986 | val_total: 16.5495 | val_dereverb: 13.6848 | val_rir: 2.8647
2025-07-04 16:31:00,918 - INFO - Epoch 206/500 | train_total: 12.8229 | dereverb: 10.0490 | rir: 2.7739
Epoch 206/500 | train_total: 12.8229 | val --
2025-07-04 16:31:00,918 - INFO - Epoch 206/500 | train_total: 12.8229 | val --
2025-07-04 16:32:41,914 - INFO - Epoch 207/500 | train_total: 12.7521 | dereverb: 9.9883 | rir: 2.7638
Epoch 207/500 | train_total: 12.7521 | val --
2025-07-04 16:32:41,914 - INFO - Epoch 207/500 | train_total: 12.7521 | val --
2025-07-04 16:34:22,516 - INFO - Epoch 208/500 | train_total: 12.7475 | dereverb: 9.9929 | rir: 2.7546
Epoch 208/500 | train_total: 12.7475 | val --
2025-07-04 16:34:22,516 - INFO - Epoch 208/500 | train_total: 12.7475 | val --
2025-07-04 16:36:03,470 - INFO - Epoch 209/500 | train_total: 12.8220 | dereverb: 10.0658 | rir: 2.7562
Epoch 209/500 | train_total: 12.8220 | val --
2025-07-04 16:36:03,470 - INFO - Epoch 209/500 | train_total: 12.8220 | val --
2025-07-04 16:37:44,405 - INFO - Epoch 210/500 | train_total: 12.9645 | dereverb: 10.2020 | rir: 2.7625
Epoch 210/500 | train_total: 12.9645 | val_total: 16.5743 | val_dereverb: 13.7159 | val_rir: 2.8585
2025-07-04 16:37:46,273 - INFO - Epoch 210/500 | train_total: 12.9645 | val_total: 16.5743 | val_dereverb: 13.7159 | val_rir: 2.8585
2025-07-04 16:39:26,798 - INFO - Epoch 211/500 | train_total: 12.8437 | dereverb: 10.1039 | rir: 2.7398
Epoch 211/500 | train_total: 12.8437 | val --
2025-07-04 16:39:26,798 - INFO - Epoch 211/500 | train_total: 12.8437 | val --
2025-07-04 16:41:07,816 - INFO - Epoch 212/500 | train_total: 12.9279 | dereverb: 10.1757 | rir: 2.7522
Epoch 212/500 | train_total: 12.9279 | val --
2025-07-04 16:41:07,817 - INFO - Epoch 212/500 | train_total: 12.9279 | val --
2025-07-04 16:42:48,090 - INFO - Epoch 213/500 | train_total: 12.8986 | dereverb: 10.1327 | rir: 2.7659
Epoch 213/500 | train_total: 12.8986 | val --
2025-07-04 16:42:48,090 - INFO - Epoch 213/500 | train_total: 12.8986 | val --
2025-07-04 16:44:27,961 - INFO - Epoch 214/500 | train_total: 12.8214 | dereverb: 10.0582 | rir: 2.7632
Epoch 214/500 | train_total: 12.8214 | val --
2025-07-04 16:44:27,961 - INFO - Epoch 214/500 | train_total: 12.8214 | val --
2025-07-04 16:46:08,742 - INFO - Epoch 215/500 | train_total: 12.8174 | dereverb: 10.0659 | rir: 2.7514
Epoch 215/500 | train_total: 12.8174 | val_total: 16.5748 | val_dereverb: 13.7086 | val_rir: 2.8662
2025-07-04 16:46:10,613 - INFO - Epoch 215/500 | train_total: 12.8174 | val_total: 16.5748 | val_dereverb: 13.7086 | val_rir: 2.8662
2025-07-04 16:47:51,599 - INFO - Epoch 216/500 | train_total: 12.6826 | dereverb: 9.9235 | rir: 2.7592
Epoch 216/500 | train_total: 12.6826 | val --
2025-07-04 16:47:51,600 - INFO - Epoch 216/500 | train_total: 12.6826 | val --
2025-07-04 16:49:32,266 - INFO - Epoch 217/500 | train_total: 12.8732 | dereverb: 10.0653 | rir: 2.8078
Epoch 217/500 | train_total: 12.8732 | val --
2025-07-04 16:49:32,267 - INFO - Epoch 217/500 | train_total: 12.8732 | val --
2025-07-04 16:51:13,712 - INFO - Epoch 218/500 | train_total: 12.8157 | dereverb: 10.0651 | rir: 2.7507
Epoch 218/500 | train_total: 12.8157 | val --
2025-07-04 16:51:13,712 - INFO - Epoch 218/500 | train_total: 12.8157 | val --
2025-07-04 16:52:54,614 - INFO - Epoch 219/500 | train_total: 12.5932 | dereverb: 9.8323 | rir: 2.7610
Epoch 219/500 | train_total: 12.5932 | val --
2025-07-04 16:52:54,614 - INFO - Epoch 219/500 | train_total: 12.5932 | val --
2025-07-04 16:54:35,208 - INFO - Epoch 220/500 | train_total: 12.7728 | dereverb: 10.0084 | rir: 2.7644
Epoch 220/500 | train_total: 12.7728 | val_total: 16.5316 | val_dereverb: 13.6739 | val_rir: 2.8577
2025-07-04 16:54:37,095 - INFO - Epoch 220/500 | train_total: 12.7728 | val_total: 16.5316 | val_dereverb: 13.6739 | val_rir: 2.8577
2025-07-04 16:54:38,293 - INFO - Model saved at epoch 220
2025-07-04 16:56:18,875 - INFO - Epoch 221/500 | train_total: 12.7808 | dereverb: 10.0432 | rir: 2.7376
Epoch 221/500 | train_total: 12.7808 | val --
2025-07-04 16:56:18,875 - INFO - Epoch 221/500 | train_total: 12.7808 | val --
2025-07-04 16:57:59,495 - INFO - Epoch 222/500 | train_total: 12.8904 | dereverb: 10.1381 | rir: 2.7523
Epoch 222/500 | train_total: 12.8904 | val --
2025-07-04 16:57:59,495 - INFO - Epoch 222/500 | train_total: 12.8904 | val --
2025-07-04 16:59:40,024 - INFO - Epoch 223/500 | train_total: 12.8455 | dereverb: 10.0877 | rir: 2.7578
Epoch 223/500 | train_total: 12.8455 | val --
2025-07-04 16:59:40,024 - INFO - Epoch 223/500 | train_total: 12.8455 | val --
2025-07-04 17:01:20,911 - INFO - Epoch 224/500 | train_total: 12.8877 | dereverb: 10.1447 | rir: 2.7429
Epoch 224/500 | train_total: 12.8877 | val --
2025-07-04 17:01:20,911 - INFO - Epoch 224/500 | train_total: 12.8877 | val --
2025-07-04 17:03:01,045 - INFO - Epoch 225/500 | train_total: 12.7992 | dereverb: 10.0425 | rir: 2.7567
Epoch 225/500 | train_total: 12.7992 | val_total: 16.4687 | val_dereverb: 13.6150 | val_rir: 2.8537
2025-07-04 17:03:02,868 - INFO - Epoch 225/500 | train_total: 12.7992 | val_total: 16.4687 | val_dereverb: 13.6150 | val_rir: 2.8537
2025-07-04 17:04:43,392 - INFO - Epoch 226/500 | train_total: 12.6937 | dereverb: 9.9650 | rir: 2.7286
Epoch 226/500 | train_total: 12.6937 | val --
2025-07-04 17:04:43,392 - INFO - Epoch 226/500 | train_total: 12.6937 | val --
2025-07-04 17:06:24,224 - INFO - Epoch 227/500 | train_total: 12.6590 | dereverb: 9.8943 | rir: 2.7647
Epoch 227/500 | train_total: 12.6590 | val --
2025-07-04 17:06:24,225 - INFO - Epoch 227/500 | train_total: 12.6590 | val --
2025-07-04 17:08:04,965 - INFO - Epoch 228/500 | train_total: 12.6025 | dereverb: 9.8659 | rir: 2.7366
Epoch 228/500 | train_total: 12.6025 | val --
2025-07-04 17:08:04,965 - INFO - Epoch 228/500 | train_total: 12.6025 | val --
2025-07-04 17:09:45,591 - INFO - Epoch 229/500 | train_total: 12.6450 | dereverb: 9.8963 | rir: 2.7487
Epoch 229/500 | train_total: 12.6450 | val --
2025-07-04 17:09:45,592 - INFO - Epoch 229/500 | train_total: 12.6450 | val --
2025-07-04 17:11:26,498 - INFO - Epoch 230/500 | train_total: 12.6077 | dereverb: 9.8606 | rir: 2.7470
Epoch 230/500 | train_total: 12.6077 | val_total: 16.5492 | val_dereverb: 13.6857 | val_rir: 2.8635
2025-07-04 17:11:28,337 - INFO - Epoch 230/500 | train_total: 12.6077 | val_total: 16.5492 | val_dereverb: 13.6857 | val_rir: 2.8635
2025-07-04 17:13:09,266 - INFO - Epoch 231/500 | train_total: 12.8461 | dereverb: 10.0990 | rir: 2.7471
Epoch 231/500 | train_total: 12.8461 | val --
2025-07-04 17:13:09,266 - INFO - Epoch 231/500 | train_total: 12.8461 | val --
2025-07-04 17:14:49,879 - INFO - Epoch 232/500 | train_total: 12.7570 | dereverb: 9.9908 | rir: 2.7663
Epoch 232/500 | train_total: 12.7570 | val --
2025-07-04 17:14:49,879 - INFO - Epoch 232/500 | train_total: 12.7570 | val --
2025-07-04 17:16:30,681 - INFO - Epoch 233/500 | train_total: 12.7101 | dereverb: 9.9628 | rir: 2.7474
Epoch 233/500 | train_total: 12.7101 | val --
2025-07-04 17:16:30,681 - INFO - Epoch 233/500 | train_total: 12.7101 | val --
2025-07-04 17:18:11,305 - INFO - Epoch 234/500 | train_total: 12.5812 | dereverb: 9.8473 | rir: 2.7339
Epoch 234/500 | train_total: 12.5812 | val --
2025-07-04 17:18:11,305 - INFO - Epoch 234/500 | train_total: 12.5812 | val --
2025-07-04 17:19:52,002 - INFO - Epoch 235/500 | train_total: 12.6737 | dereverb: 9.9369 | rir: 2.7369
Epoch 235/500 | train_total: 12.6737 | val_total: 16.4656 | val_dereverb: 13.6280 | val_rir: 2.8376
2025-07-04 17:19:53,856 - INFO - Epoch 235/500 | train_total: 12.6737 | val_total: 16.4656 | val_dereverb: 13.6280 | val_rir: 2.8376
2025-07-04 17:21:34,914 - INFO - Epoch 236/500 | train_total: 12.7356 | dereverb: 9.9936 | rir: 2.7420
Epoch 236/500 | train_total: 12.7356 | val --
2025-07-04 17:21:34,914 - INFO - Epoch 236/500 | train_total: 12.7356 | val --
2025-07-04 17:23:15,811 - INFO - Epoch 237/500 | train_total: 12.7287 | dereverb: 9.9756 | rir: 2.7532
Epoch 237/500 | train_total: 12.7287 | val --
2025-07-04 17:23:15,811 - INFO - Epoch 237/500 | train_total: 12.7287 | val --
2025-07-04 17:24:56,386 - INFO - Epoch 238/500 | train_total: 12.7688 | dereverb: 10.0136 | rir: 2.7551
Epoch 238/500 | train_total: 12.7688 | val --
2025-07-04 17:24:56,386 - INFO - Epoch 238/500 | train_total: 12.7688 | val --
2025-07-04 17:26:36,929 - INFO - Epoch 239/500 | train_total: 12.7336 | dereverb: 9.9888 | rir: 2.7447
Epoch 239/500 | train_total: 12.7336 | val --
2025-07-04 17:26:36,929 - INFO - Epoch 239/500 | train_total: 12.7336 | val --
2025-07-04 17:28:17,849 - INFO - Epoch 240/500 | train_total: 12.7209 | dereverb: 9.9707 | rir: 2.7502
Epoch 240/500 | train_total: 12.7209 | val_total: 16.4784 | val_dereverb: 13.6113 | val_rir: 2.8672
2025-07-04 17:28:19,693 - INFO - Epoch 240/500 | train_total: 12.7209 | val_total: 16.4784 | val_dereverb: 13.6113 | val_rir: 2.8672
2025-07-04 17:28:20,785 - INFO - Model saved at epoch 240
2025-07-04 17:30:01,413 - INFO - Epoch 241/500 | train_total: 12.6939 | dereverb: 9.9499 | rir: 2.7440
Epoch 241/500 | train_total: 12.6939 | val --
2025-07-04 17:30:01,413 - INFO - Epoch 241/500 | train_total: 12.6939 | val --
2025-07-04 17:31:42,128 - INFO - Epoch 242/500 | train_total: 12.5140 | dereverb: 9.7970 | rir: 2.7170
Epoch 242/500 | train_total: 12.5140 | val --
2025-07-04 17:31:42,129 - INFO - Epoch 242/500 | train_total: 12.5140 | val --
2025-07-04 17:33:22,524 - INFO - Epoch 243/500 | train_total: 12.7204 | dereverb: 9.9685 | rir: 2.7519
Epoch 243/500 | train_total: 12.7204 | val --
2025-07-04 17:33:22,525 - INFO - Epoch 243/500 | train_total: 12.7204 | val --
2025-07-04 17:35:03,056 - INFO - Epoch 244/500 | train_total: 12.7265 | dereverb: 9.9852 | rir: 2.7413
Epoch 244/500 | train_total: 12.7265 | val --
2025-07-04 17:35:03,056 - INFO - Epoch 244/500 | train_total: 12.7265 | val --
2025-07-04 17:36:44,319 - INFO - Epoch 245/500 | train_total: 12.5966 | dereverb: 9.8529 | rir: 2.7437
Epoch 245/500 | train_total: 12.5966 | val_total: 16.6101 | val_dereverb: 13.7887 | val_rir: 2.8214
2025-07-04 17:36:46,197 - INFO - Epoch 245/500 | train_total: 12.5966 | val_total: 16.6101 | val_dereverb: 13.7887 | val_rir: 2.8214
2025-07-04 17:38:26,429 - INFO - Epoch 246/500 | train_total: 12.8277 | dereverb: 10.0773 | rir: 2.7504
Epoch 246/500 | train_total: 12.8277 | val --
2025-07-04 17:38:26,429 - INFO - Epoch 246/500 | train_total: 12.8277 | val --
2025-07-04 17:40:07,702 - INFO - Epoch 247/500 | train_total: 12.7323 | dereverb: 9.9869 | rir: 2.7453
Epoch 247/500 | train_total: 12.7323 | val --
2025-07-04 17:40:07,702 - INFO - Epoch 247/500 | train_total: 12.7323 | val --
2025-07-04 17:41:48,452 - INFO - Epoch 248/500 | train_total: 12.6388 | dereverb: 9.8983 | rir: 2.7405
Epoch 248/500 | train_total: 12.6388 | val --
2025-07-04 17:41:48,452 - INFO - Epoch 248/500 | train_total: 12.6388 | val --
2025-07-04 17:43:29,327 - INFO - Epoch 249/500 | train_total: 12.6023 | dereverb: 9.8571 | rir: 2.7452
Epoch 249/500 | train_total: 12.6023 | val --
2025-07-04 17:43:29,327 - INFO - Epoch 249/500 | train_total: 12.6023 | val --
2025-07-04 17:45:09,971 - INFO - Epoch 250/500 | train_total: 12.6744 | dereverb: 9.9337 | rir: 2.7407
Epoch 250/500 | train_total: 12.6744 | val_total: 16.5688 | val_dereverb: 13.7204 | val_rir: 2.8484
2025-07-04 17:45:11,845 - INFO - Epoch 250/500 | train_total: 12.6744 | val_total: 16.5688 | val_dereverb: 13.7204 | val_rir: 2.8484
2025-07-04 17:46:52,568 - INFO - Epoch 251/500 | train_total: 12.4646 | dereverb: 9.7429 | rir: 2.7217
Epoch 251/500 | train_total: 12.4646 | val --
2025-07-04 17:46:52,569 - INFO - Epoch 251/500 | train_total: 12.4646 | val --
2025-07-04 17:48:33,418 - INFO - Epoch 252/500 | train_total: 12.7472 | dereverb: 10.0070 | rir: 2.7402
Epoch 252/500 | train_total: 12.7472 | val --
2025-07-04 17:48:33,418 - INFO - Epoch 252/500 | train_total: 12.7472 | val --
2025-07-04 17:50:14,067 - INFO - Epoch 253/500 | train_total: 12.7138 | dereverb: 9.9581 | rir: 2.7557
Epoch 253/500 | train_total: 12.7138 | val --
2025-07-04 17:50:14,068 - INFO - Epoch 253/500 | train_total: 12.7138 | val --
2025-07-04 17:51:54,936 - INFO - Epoch 254/500 | train_total: 12.6716 | dereverb: 9.9260 | rir: 2.7455
Epoch 254/500 | train_total: 12.6716 | val --
2025-07-04 17:51:54,936 - INFO - Epoch 254/500 | train_total: 12.6716 | val --
2025-07-04 17:53:35,999 - INFO - Epoch 255/500 | train_total: 12.6619 | dereverb: 9.9370 | rir: 2.7249
Epoch 255/500 | train_total: 12.6619 | val_total: 16.4750 | val_dereverb: 13.6357 | val_rir: 2.8393
2025-07-04 17:53:37,833 - INFO - Epoch 255/500 | train_total: 12.6619 | val_total: 16.4750 | val_dereverb: 13.6357 | val_rir: 2.8393
2025-07-04 17:55:19,114 - INFO - Epoch 256/500 | train_total: 12.4876 | dereverb: 9.7678 | rir: 2.7198
Epoch 256/500 | train_total: 12.4876 | val --
2025-07-04 17:55:19,115 - INFO - Epoch 256/500 | train_total: 12.4876 | val --
2025-07-04 17:56:59,684 - INFO - Epoch 257/500 | train_total: 12.6225 | dereverb: 9.8869 | rir: 2.7356
Epoch 257/500 | train_total: 12.6225 | val --
2025-07-04 17:56:59,684 - INFO - Epoch 257/500 | train_total: 12.6225 | val --
2025-07-04 17:58:40,425 - INFO - Epoch 258/500 | train_total: 12.4757 | dereverb: 9.7440 | rir: 2.7317
Epoch 258/500 | train_total: 12.4757 | val --
2025-07-04 17:58:40,426 - INFO - Epoch 258/500 | train_total: 12.4757 | val --
2025-07-04 18:00:21,174 - INFO - Epoch 259/500 | train_total: 12.6969 | dereverb: 9.9469 | rir: 2.7499
Epoch 259/500 | train_total: 12.6969 | val --
2025-07-04 18:00:21,175 - INFO - Epoch 259/500 | train_total: 12.6969 | val --
2025-07-04 18:02:01,969 - INFO - Epoch 260/500 | train_total: 12.6691 | dereverb: 9.9174 | rir: 2.7517
Epoch 260/500 | train_total: 12.6691 | val_total: 16.4211 | val_dereverb: 13.6013 | val_rir: 2.8197
2025-07-04 18:02:03,844 - INFO - Epoch 260/500 | train_total: 12.6691 | val_total: 16.4211 | val_dereverb: 13.6013 | val_rir: 2.8197
2025-07-04 18:02:04,807 - INFO - Model saved at epoch 260
2025-07-04 18:03:44,768 - INFO - Epoch 261/500 | train_total: 12.4119 | dereverb: 9.6748 | rir: 2.7371
Epoch 261/500 | train_total: 12.4119 | val --
2025-07-04 18:03:44,768 - INFO - Epoch 261/500 | train_total: 12.4119 | val --
2025-07-04 18:05:25,474 - INFO - Epoch 262/500 | train_total: 12.5066 | dereverb: 9.7876 | rir: 2.7190
Epoch 262/500 | train_total: 12.5066 | val --
2025-07-04 18:05:25,475 - INFO - Epoch 262/500 | train_total: 12.5066 | val --
2025-07-04 18:07:06,213 - INFO - Epoch 263/500 | train_total: 12.6004 | dereverb: 9.8739 | rir: 2.7265
Epoch 263/500 | train_total: 12.6004 | val --
2025-07-04 18:07:06,213 - INFO - Epoch 263/500 | train_total: 12.6004 | val --
2025-07-04 18:08:46,776 - INFO - Epoch 264/500 | train_total: 13.3901 | dereverb: 10.3241 | rir: 3.0660
Epoch 264/500 | train_total: 13.3901 | val --
2025-07-04 18:08:46,776 - INFO - Epoch 264/500 | train_total: 13.3901 | val --
2025-07-04 18:10:27,475 - INFO - Epoch 265/500 | train_total: 13.0229 | dereverb: 10.1437 | rir: 2.8792
Epoch 265/500 | train_total: 13.0229 | val_total: 16.6250 | val_dereverb: 13.7216 | val_rir: 2.9034
2025-07-04 18:10:29,305 - INFO - Epoch 265/500 | train_total: 13.0229 | val_total: 16.6250 | val_dereverb: 13.7216 | val_rir: 2.9034
2025-07-04 18:12:10,167 - INFO - Epoch 266/500 | train_total: 12.5999 | dereverb: 9.8704 | rir: 2.7295
Epoch 266/500 | train_total: 12.5999 | val --
2025-07-04 18:12:10,167 - INFO - Epoch 266/500 | train_total: 12.5999 | val --
2025-07-04 18:13:50,978 - INFO - Epoch 267/500 | train_total: 12.5695 | dereverb: 9.8270 | rir: 2.7426
Epoch 267/500 | train_total: 12.5695 | val --
2025-07-04 18:13:50,978 - INFO - Epoch 267/500 | train_total: 12.5695 | val --
2025-07-04 18:15:31,993 - INFO - Epoch 268/500 | train_total: 12.5382 | dereverb: 9.8122 | rir: 2.7260
Epoch 268/500 | train_total: 12.5382 | val --
2025-07-04 18:15:31,994 - INFO - Epoch 268/500 | train_total: 12.5382 | val --
2025-07-04 18:17:12,676 - INFO - Epoch 269/500 | train_total: 12.7289 | dereverb: 9.9929 | rir: 2.7360
Epoch 269/500 | train_total: 12.7289 | val --
2025-07-04 18:17:12,676 - INFO - Epoch 269/500 | train_total: 12.7289 | val --
2025-07-04 18:18:53,718 - INFO - Epoch 270/500 | train_total: 12.7493 | dereverb: 9.9788 | rir: 2.7705
Epoch 270/500 | train_total: 12.7493 | val_total: 16.9085 | val_dereverb: 13.8680 | val_rir: 3.0405
2025-07-04 18:18:55,561 - INFO - Epoch 270/500 | train_total: 12.7493 | val_total: 16.9085 | val_dereverb: 13.8680 | val_rir: 3.0405
2025-07-04 18:20:36,947 - INFO - Epoch 271/500 | train_total: 12.7990 | dereverb: 9.9481 | rir: 2.8509
Epoch 271/500 | train_total: 12.7990 | val --
2025-07-04 18:20:36,947 - INFO - Epoch 271/500 | train_total: 12.7990 | val --
2025-07-04 18:22:17,690 - INFO - Epoch 272/500 | train_total: 12.7395 | dereverb: 9.9886 | rir: 2.7509
Epoch 272/500 | train_total: 12.7395 | val --
2025-07-04 18:22:17,691 - INFO - Epoch 272/500 | train_total: 12.7395 | val --
2025-07-04 18:23:58,650 - INFO - Epoch 273/500 | train_total: 12.4044 | dereverb: 9.6846 | rir: 2.7198
Epoch 273/500 | train_total: 12.4044 | val --
2025-07-04 18:23:58,650 - INFO - Epoch 273/500 | train_total: 12.4044 | val --
2025-07-04 18:25:39,474 - INFO - Epoch 274/500 | train_total: 12.3541 | dereverb: 9.6148 | rir: 2.7393
Epoch 274/500 | train_total: 12.3541 | val --
2025-07-04 18:25:39,474 - INFO - Epoch 274/500 | train_total: 12.3541 | val --
2025-07-04 18:27:19,804 - INFO - Epoch 275/500 | train_total: 12.4790 | dereverb: 9.7635 | rir: 2.7155
Epoch 275/500 | train_total: 12.4790 | val_total: 16.3695 | val_dereverb: 13.5218 | val_rir: 2.8477
2025-07-04 18:27:21,701 - INFO - Epoch 275/500 | train_total: 12.4790 | val_total: 16.3695 | val_dereverb: 13.5218 | val_rir: 2.8477
2025-07-04 18:29:02,579 - INFO - Epoch 276/500 | train_total: 12.4028 | dereverb: 9.6686 | rir: 2.7341
Epoch 276/500 | train_total: 12.4028 | val --
2025-07-04 18:29:02,579 - INFO - Epoch 276/500 | train_total: 12.4028 | val --
2025-07-04 18:30:43,141 - INFO - Epoch 277/500 | train_total: 12.5895 | dereverb: 9.8611 | rir: 2.7284
Epoch 277/500 | train_total: 12.5895 | val --
2025-07-04 18:30:43,141 - INFO - Epoch 277/500 | train_total: 12.5895 | val --
2025-07-04 18:32:23,943 - INFO - Epoch 278/500 | train_total: 12.5472 | dereverb: 9.8351 | rir: 2.7121
Epoch 278/500 | train_total: 12.5472 | val --
2025-07-04 18:32:23,944 - INFO - Epoch 278/500 | train_total: 12.5472 | val --
2025-07-04 18:34:04,677 - INFO - Epoch 279/500 | train_total: 12.3951 | dereverb: 9.6801 | rir: 2.7150
Epoch 279/500 | train_total: 12.3951 | val --
2025-07-04 18:34:04,677 - INFO - Epoch 279/500 | train_total: 12.3951 | val --
2025-07-04 18:35:45,465 - INFO - Epoch 280/500 | train_total: 12.3929 | dereverb: 9.6586 | rir: 2.7343
Epoch 280/500 | train_total: 12.3929 | val_total: 16.3938 | val_dereverb: 13.5465 | val_rir: 2.8473
2025-07-04 18:35:47,328 - INFO - Epoch 280/500 | train_total: 12.3929 | val_total: 16.3938 | val_dereverb: 13.5465 | val_rir: 2.8473
2025-07-04 18:35:48,277 - INFO - Model saved at epoch 280
2025-07-04 18:37:28,774 - INFO - Epoch 281/500 | train_total: 12.2797 | dereverb: 9.5581 | rir: 2.7216
Epoch 281/500 | train_total: 12.2797 | val --
2025-07-04 18:37:28,774 - INFO - Epoch 281/500 | train_total: 12.2797 | val --
2025-07-04 18:39:09,853 - INFO - Epoch 282/500 | train_total: 12.3674 | dereverb: 9.6409 | rir: 2.7266
Epoch 282/500 | train_total: 12.3674 | val --
2025-07-04 18:39:09,853 - INFO - Epoch 282/500 | train_total: 12.3674 | val --
2025-07-04 18:40:50,512 - INFO - Epoch 283/500 | train_total: 12.5377 | dereverb: 9.8034 | rir: 2.7344
Epoch 283/500 | train_total: 12.5377 | val --
2025-07-04 18:40:50,513 - INFO - Epoch 283/500 | train_total: 12.5377 | val --
2025-07-04 18:42:31,286 - INFO - Epoch 284/500 | train_total: 12.4453 | dereverb: 9.7301 | rir: 2.7151
Epoch 284/500 | train_total: 12.4453 | val --
2025-07-04 18:42:31,286 - INFO - Epoch 284/500 | train_total: 12.4453 | val --
2025-07-04 18:44:12,286 - INFO - Epoch 285/500 | train_total: 12.3736 | dereverb: 9.6620 | rir: 2.7116
Epoch 285/500 | train_total: 12.3736 | val_total: 16.3614 | val_dereverb: 13.5479 | val_rir: 2.8135
2025-07-04 18:44:14,159 - INFO - Epoch 285/500 | train_total: 12.3736 | val_total: 16.3614 | val_dereverb: 13.5479 | val_rir: 2.8135
2025-07-04 18:45:55,064 - INFO - Epoch 286/500 | train_total: 12.3975 | dereverb: 9.6513 | rir: 2.7463
Epoch 286/500 | train_total: 12.3975 | val --
2025-07-04 18:45:55,064 - INFO - Epoch 286/500 | train_total: 12.3975 | val --
2025-07-04 18:47:35,597 - INFO - Epoch 287/500 | train_total: 12.6021 | dereverb: 9.8815 | rir: 2.7206
Epoch 287/500 | train_total: 12.6021 | val --
2025-07-04 18:47:35,598 - INFO - Epoch 287/500 | train_total: 12.6021 | val --
2025-07-04 18:49:16,089 - INFO - Epoch 288/500 | train_total: 12.3777 | dereverb: 9.6518 | rir: 2.7259
Epoch 288/500 | train_total: 12.3777 | val --
2025-07-04 18:49:16,089 - INFO - Epoch 288/500 | train_total: 12.3777 | val --
2025-07-04 18:50:56,865 - INFO - Epoch 289/500 | train_total: 12.4032 | dereverb: 9.6964 | rir: 2.7068
Epoch 289/500 | train_total: 12.4032 | val --
2025-07-04 18:50:56,865 - INFO - Epoch 289/500 | train_total: 12.4032 | val --
2025-07-04 18:52:37,905 - INFO - Epoch 290/500 | train_total: 12.5511 | dereverb: 9.8383 | rir: 2.7128
Epoch 290/500 | train_total: 12.5511 | val_total: 16.3424 | val_dereverb: 13.5284 | val_rir: 2.8140
2025-07-04 18:52:39,760 - INFO - Epoch 290/500 | train_total: 12.5511 | val_total: 16.3424 | val_dereverb: 13.5284 | val_rir: 2.8140
2025-07-04 18:54:20,733 - INFO - Epoch 291/500 | train_total: 12.4459 | dereverb: 9.7184 | rir: 2.7275
Epoch 291/500 | train_total: 12.4459 | val --
2025-07-04 18:54:20,733 - INFO - Epoch 291/500 | train_total: 12.4459 | val --
2025-07-04 18:56:01,553 - INFO - Epoch 292/500 | train_total: 12.4750 | dereverb: 9.7461 | rir: 2.7289
Epoch 292/500 | train_total: 12.4750 | val --
2025-07-04 18:56:01,553 - INFO - Epoch 292/500 | train_total: 12.4750 | val --
2025-07-04 18:57:42,290 - INFO - Epoch 293/500 | train_total: 12.6663 | dereverb: 9.9206 | rir: 2.7457
Epoch 293/500 | train_total: 12.6663 | val --
2025-07-04 18:57:42,290 - INFO - Epoch 293/500 | train_total: 12.6663 | val --
2025-07-04 18:59:23,173 - INFO - Epoch 294/500 | train_total: 12.5113 | dereverb: 9.7992 | rir: 2.7121
Epoch 294/500 | train_total: 12.5113 | val --
2025-07-04 18:59:23,173 - INFO - Epoch 294/500 | train_total: 12.5113 | val --
2025-07-04 19:01:04,002 - INFO - Epoch 295/500 | train_total: 12.3714 | dereverb: 9.6535 | rir: 2.7179
Epoch 295/500 | train_total: 12.3714 | val_total: 16.3345 | val_dereverb: 13.5283 | val_rir: 2.8062
2025-07-04 19:01:05,846 - INFO - Epoch 295/500 | train_total: 12.3714 | val_total: 16.3345 | val_dereverb: 13.5283 | val_rir: 2.8062
2025-07-04 19:02:46,664 - INFO - Epoch 296/500 | train_total: 12.6533 | dereverb: 9.9280 | rir: 2.7253
Epoch 296/500 | train_total: 12.6533 | val --
2025-07-04 19:02:46,664 - INFO - Epoch 296/500 | train_total: 12.6533 | val --
2025-07-04 19:04:27,239 - INFO - Epoch 297/500 | train_total: 12.4877 | dereverb: 9.7561 | rir: 2.7317
Epoch 297/500 | train_total: 12.4877 | val --
2025-07-04 19:04:27,239 - INFO - Epoch 297/500 | train_total: 12.4877 | val --
2025-07-04 19:06:08,469 - INFO - Epoch 298/500 | train_total: 12.6659 | dereverb: 9.9479 | rir: 2.7180
Epoch 298/500 | train_total: 12.6659 | val --
2025-07-04 19:06:08,469 - INFO - Epoch 298/500 | train_total: 12.6659 | val --
2025-07-04 19:07:49,101 - INFO - Epoch 299/500 | train_total: 12.1896 | dereverb: 9.4700 | rir: 2.7195
Epoch 299/500 | train_total: 12.1896 | val --
2025-07-04 19:07:49,101 - INFO - Epoch 299/500 | train_total: 12.1896 | val --
2025-07-04 19:09:29,919 - INFO - Epoch 300/500 | train_total: 12.6671 | dereverb: 9.9396 | rir: 2.7275
Epoch 300/500 | train_total: 12.6671 | val_total: 16.3798 | val_dereverb: 13.5786 | val_rir: 2.8012
2025-07-04 19:09:31,769 - INFO - Epoch 300/500 | train_total: 12.6671 | val_total: 16.3798 | val_dereverb: 13.5786 | val_rir: 2.8012
2025-07-04 19:09:32,713 - INFO - Model saved at epoch 300
2025-07-04 19:11:13,090 - INFO - Epoch 301/500 | train_total: 12.5036 | dereverb: 9.7890 | rir: 2.7147
Epoch 301/500 | train_total: 12.5036 | val --
2025-07-04 19:11:13,090 - INFO - Epoch 301/500 | train_total: 12.5036 | val --
2025-07-04 19:12:53,696 - INFO - Epoch 302/500 | train_total: 12.6040 | dereverb: 9.8955 | rir: 2.7085
Epoch 302/500 | train_total: 12.6040 | val --
2025-07-04 19:12:53,696 - INFO - Epoch 302/500 | train_total: 12.6040 | val --
2025-07-04 19:14:34,280 - INFO - Epoch 303/500 | train_total: 12.6167 | dereverb: 9.8818 | rir: 2.7349
Epoch 303/500 | train_total: 12.6167 | val --
2025-07-04 19:14:34,280 - INFO - Epoch 303/500 | train_total: 12.6167 | val --
2025-07-04 19:16:14,285 - INFO - Epoch 304/500 | train_total: 12.4703 | dereverb: 9.7431 | rir: 2.7272
Epoch 304/500 | train_total: 12.4703 | val --
2025-07-04 19:16:14,285 - INFO - Epoch 304/500 | train_total: 12.4703 | val --
2025-07-04 19:17:54,972 - INFO - Epoch 305/500 | train_total: 12.2647 | dereverb: 9.5375 | rir: 2.7271
Epoch 305/500 | train_total: 12.2647 | val_total: 16.3010 | val_dereverb: 13.4952 | val_rir: 2.8058
2025-07-04 19:17:56,826 - INFO - Epoch 305/500 | train_total: 12.2647 | val_total: 16.3010 | val_dereverb: 13.4952 | val_rir: 2.8058
2025-07-04 19:19:37,922 - INFO - Epoch 306/500 | train_total: 12.4449 | dereverb: 9.7358 | rir: 2.7091
Epoch 306/500 | train_total: 12.4449 | val --
2025-07-04 19:19:37,922 - INFO - Epoch 306/500 | train_total: 12.4449 | val --
2025-07-04 19:21:18,523 - INFO - Epoch 307/500 | train_total: 12.4434 | dereverb: 9.7193 | rir: 2.7241
Epoch 307/500 | train_total: 12.4434 | val --
2025-07-04 19:21:18,523 - INFO - Epoch 307/500 | train_total: 12.4434 | val --
2025-07-04 19:22:59,262 - INFO - Epoch 308/500 | train_total: 12.3889 | dereverb: 9.6844 | rir: 2.7046
Epoch 308/500 | train_total: 12.3889 | val --
2025-07-04 19:22:59,262 - INFO - Epoch 308/500 | train_total: 12.3889 | val --
2025-07-04 19:24:39,680 - INFO - Epoch 309/500 | train_total: 12.4180 | dereverb: 9.6930 | rir: 2.7250
Epoch 309/500 | train_total: 12.4180 | val --
2025-07-04 19:24:39,680 - INFO - Epoch 309/500 | train_total: 12.4180 | val --
2025-07-04 19:26:20,569 - INFO - Epoch 310/500 | train_total: 12.5326 | dereverb: 9.8171 | rir: 2.7155
Epoch 310/500 | train_total: 12.5326 | val_total: 16.2427 | val_dereverb: 13.4378 | val_rir: 2.8050
2025-07-04 19:26:22,422 - INFO - Epoch 310/500 | train_total: 12.5326 | val_total: 16.2427 | val_dereverb: 13.4378 | val_rir: 2.8050
2025-07-04 19:28:03,495 - INFO - Epoch 311/500 | train_total: 12.4820 | dereverb: 9.7563 | rir: 2.7256
Epoch 311/500 | train_total: 12.4820 | val --
2025-07-04 19:28:03,495 - INFO - Epoch 311/500 | train_total: 12.4820 | val --
2025-07-04 19:29:44,082 - INFO - Epoch 312/500 | train_total: 12.3107 | dereverb: 9.6021 | rir: 2.7085
Epoch 312/500 | train_total: 12.3107 | val --
2025-07-04 19:29:44,082 - INFO - Epoch 312/500 | train_total: 12.3107 | val --
2025-07-04 19:31:25,034 - INFO - Epoch 313/500 | train_total: 12.4405 | dereverb: 9.7204 | rir: 2.7200
Epoch 313/500 | train_total: 12.4405 | val --
2025-07-04 19:31:25,034 - INFO - Epoch 313/500 | train_total: 12.4405 | val --
2025-07-04 19:33:05,925 - INFO - Epoch 314/500 | train_total: 12.2660 | dereverb: 9.5615 | rir: 2.7045
Epoch 314/500 | train_total: 12.2660 | val --
2025-07-04 19:33:05,925 - INFO - Epoch 314/500 | train_total: 12.2660 | val --
2025-07-04 19:34:46,805 - INFO - Epoch 315/500 | train_total: 12.2129 | dereverb: 9.4955 | rir: 2.7174
Epoch 315/500 | train_total: 12.2129 | val_total: 16.3444 | val_dereverb: 13.5174 | val_rir: 2.8270
2025-07-04 19:34:48,672 - INFO - Epoch 315/500 | train_total: 12.2129 | val_total: 16.3444 | val_dereverb: 13.5174 | val_rir: 2.8270
2025-07-04 19:36:29,728 - INFO - Epoch 316/500 | train_total: 12.6995 | dereverb: 9.9754 | rir: 2.7241
Epoch 316/500 | train_total: 12.6995 | val --
2025-07-04 19:36:29,729 - INFO - Epoch 316/500 | train_total: 12.6995 | val --
2025-07-04 19:38:10,616 - INFO - Epoch 317/500 | train_total: 12.4295 | dereverb: 9.7127 | rir: 2.7168
Epoch 317/500 | train_total: 12.4295 | val --
2025-07-04 19:38:10,616 - INFO - Epoch 317/500 | train_total: 12.4295 | val --
2025-07-04 19:39:51,194 - INFO - Epoch 318/500 | train_total: 12.5045 | dereverb: 9.7764 | rir: 2.7281
Epoch 318/500 | train_total: 12.5045 | val --
2025-07-04 19:39:51,194 - INFO - Epoch 318/500 | train_total: 12.5045 | val --
2025-07-04 19:41:32,018 - INFO - Epoch 319/500 | train_total: 12.3270 | dereverb: 9.5999 | rir: 2.7271
Epoch 319/500 | train_total: 12.3270 | val --
2025-07-04 19:41:32,019 - INFO - Epoch 319/500 | train_total: 12.3270 | val --
2025-07-04 19:43:12,794 - INFO - Epoch 320/500 | train_total: 12.3472 | dereverb: 9.6273 | rir: 2.7199
Epoch 320/500 | train_total: 12.3472 | val_total: 16.3983 | val_dereverb: 13.5953 | val_rir: 2.8030
2025-07-04 19:43:14,622 - INFO - Epoch 320/500 | train_total: 12.3472 | val_total: 16.3983 | val_dereverb: 13.5953 | val_rir: 2.8030
2025-07-04 19:43:15,572 - INFO - Model saved at epoch 320
2025-07-04 19:44:56,021 - INFO - Epoch 321/500 | train_total: 12.4717 | dereverb: 9.7475 | rir: 2.7242
Epoch 321/500 | train_total: 12.4717 | val --
2025-07-04 19:44:56,021 - INFO - Epoch 321/500 | train_total: 12.4717 | val --
2025-07-04 19:46:36,747 - INFO - Epoch 322/500 | train_total: 12.4936 | dereverb: 9.7490 | rir: 2.7446
Epoch 322/500 | train_total: 12.4936 | val --
2025-07-04 19:46:36,747 - INFO - Epoch 322/500 | train_total: 12.4936 | val --
2025-07-04 19:48:17,466 - INFO - Epoch 323/500 | train_total: 12.5341 | dereverb: 9.7735 | rir: 2.7607
Epoch 323/500 | train_total: 12.5341 | val --
2025-07-04 19:48:17,466 - INFO - Epoch 323/500 | train_total: 12.5341 | val --
2025-07-04 19:49:57,875 - INFO - Epoch 324/500 | train_total: 12.3732 | dereverb: 9.6631 | rir: 2.7101
Epoch 324/500 | train_total: 12.3732 | val --
2025-07-04 19:49:57,875 - INFO - Epoch 324/500 | train_total: 12.3732 | val --
2025-07-04 19:51:38,634 - INFO - Epoch 325/500 | train_total: 12.3682 | dereverb: 9.6580 | rir: 2.7103
Epoch 325/500 | train_total: 12.3682 | val_total: 16.3185 | val_dereverb: 13.5031 | val_rir: 2.8154
2025-07-04 19:51:40,479 - INFO - Epoch 325/500 | train_total: 12.3682 | val_total: 16.3185 | val_dereverb: 13.5031 | val_rir: 2.8154
2025-07-04 19:53:21,459 - INFO - Epoch 326/500 | train_total: 12.3120 | dereverb: 9.5926 | rir: 2.7194
Epoch 326/500 | train_total: 12.3120 | val --
2025-07-04 19:53:21,460 - INFO - Epoch 326/500 | train_total: 12.3120 | val --
2025-07-04 19:55:02,203 - INFO - Epoch 327/500 | train_total: 12.4082 | dereverb: 9.7072 | rir: 2.7011
Epoch 327/500 | train_total: 12.4082 | val --
2025-07-04 19:55:02,203 - INFO - Epoch 327/500 | train_total: 12.4082 | val --
2025-07-04 19:56:42,933 - INFO - Epoch 328/500 | train_total: 12.3436 | dereverb: 9.6414 | rir: 2.7022
Epoch 328/500 | train_total: 12.3436 | val --
2025-07-04 19:56:42,933 - INFO - Epoch 328/500 | train_total: 12.3436 | val --
2025-07-04 19:58:23,663 - INFO - Epoch 329/500 | train_total: 12.3467 | dereverb: 9.6218 | rir: 2.7249
Epoch 329/500 | train_total: 12.3467 | val --
2025-07-04 19:58:23,663 - INFO - Epoch 329/500 | train_total: 12.3467 | val --
2025-07-04 20:00:04,129 - INFO - Epoch 330/500 | train_total: 12.1634 | dereverb: 9.4538 | rir: 2.7096
Epoch 330/500 | train_total: 12.1634 | val_total: 16.3191 | val_dereverb: 13.5115 | val_rir: 2.8076
2025-07-04 20:00:05,982 - INFO - Epoch 330/500 | train_total: 12.1634 | val_total: 16.3191 | val_dereverb: 13.5115 | val_rir: 2.8076
2025-07-04 20:01:47,075 - INFO - Epoch 331/500 | train_total: 12.3351 | dereverb: 9.6250 | rir: 2.7101
Epoch 331/500 | train_total: 12.3351 | val --
2025-07-04 20:01:47,076 - INFO - Epoch 331/500 | train_total: 12.3351 | val --
2025-07-04 20:03:27,775 - INFO - Epoch 332/500 | train_total: 12.2425 | dereverb: 9.5335 | rir: 2.7090
Epoch 332/500 | train_total: 12.2425 | val --
2025-07-04 20:03:27,775 - INFO - Epoch 332/500 | train_total: 12.2425 | val --
2025-07-04 20:05:08,376 - INFO - Epoch 333/500 | train_total: 12.4232 | dereverb: 9.7135 | rir: 2.7096
Epoch 333/500 | train_total: 12.4232 | val --
2025-07-04 20:05:08,377 - INFO - Epoch 333/500 | train_total: 12.4232 | val --
2025-07-04 20:06:49,049 - INFO - Epoch 334/500 | train_total: 12.2408 | dereverb: 9.5503 | rir: 2.6906
Epoch 334/500 | train_total: 12.2408 | val --
2025-07-04 20:06:49,049 - INFO - Epoch 334/500 | train_total: 12.2408 | val --
2025-07-04 20:08:29,600 - INFO - Epoch 335/500 | train_total: 12.3556 | dereverb: 9.6408 | rir: 2.7148
Epoch 335/500 | train_total: 12.3556 | val_total: 16.3149 | val_dereverb: 13.4985 | val_rir: 2.8164
2025-07-04 20:08:31,461 - INFO - Epoch 335/500 | train_total: 12.3556 | val_total: 16.3149 | val_dereverb: 13.4985 | val_rir: 2.8164
2025-07-04 20:10:12,193 - INFO - Epoch 336/500 | train_total: 12.4132 | dereverb: 9.7008 | rir: 2.7124
Epoch 336/500 | train_total: 12.4132 | val --
2025-07-04 20:10:12,194 - INFO - Epoch 336/500 | train_total: 12.4132 | val --
2025-07-04 20:11:52,994 - INFO - Epoch 337/500 | train_total: 12.3327 | dereverb: 9.6114 | rir: 2.7213
Epoch 337/500 | train_total: 12.3327 | val --
2025-07-04 20:11:52,994 - INFO - Epoch 337/500 | train_total: 12.3327 | val --
2025-07-04 20:13:33,674 - INFO - Epoch 338/500 | train_total: 12.1696 | dereverb: 9.4507 | rir: 2.7189
Epoch 338/500 | train_total: 12.1696 | val --
2025-07-04 20:13:33,674 - INFO - Epoch 338/500 | train_total: 12.1696 | val --
2025-07-04 20:15:14,771 - INFO - Epoch 339/500 | train_total: 12.1762 | dereverb: 9.4665 | rir: 2.7097
Epoch 339/500 | train_total: 12.1762 | val --
2025-07-04 20:15:14,772 - INFO - Epoch 339/500 | train_total: 12.1762 | val --
2025-07-04 20:16:55,333 - INFO - Epoch 340/500 | train_total: 12.5454 | dereverb: 9.8143 | rir: 2.7310
Epoch 340/500 | train_total: 12.5454 | val_total: 16.3083 | val_dereverb: 13.5138 | val_rir: 2.7945
2025-07-04 20:16:57,163 - INFO - Epoch 340/500 | train_total: 12.5454 | val_total: 16.3083 | val_dereverb: 13.5138 | val_rir: 2.7945
2025-07-04 20:16:58,120 - INFO - Model saved at epoch 340
2025-07-04 20:18:38,055 - INFO - Epoch 341/500 | train_total: 12.3692 | dereverb: 9.6602 | rir: 2.7090
Epoch 341/500 | train_total: 12.3692 | val --
2025-07-04 20:18:38,055 - INFO - Epoch 341/500 | train_total: 12.3692 | val --
2025-07-04 20:20:18,387 - INFO - Epoch 342/500 | train_total: 12.4955 | dereverb: 9.7685 | rir: 2.7269
Epoch 342/500 | train_total: 12.4955 | val --
2025-07-04 20:20:18,388 - INFO - Epoch 342/500 | train_total: 12.4955 | val --
2025-07-04 20:21:59,063 - INFO - Epoch 343/500 | train_total: 12.2135 | dereverb: 9.4884 | rir: 2.7251
Epoch 343/500 | train_total: 12.2135 | val --
2025-07-04 20:21:59,063 - INFO - Epoch 343/500 | train_total: 12.2135 | val --
2025-07-04 20:23:39,668 - INFO - Epoch 344/500 | train_total: 12.2339 | dereverb: 9.5240 | rir: 2.7100
Epoch 344/500 | train_total: 12.2339 | val --
2025-07-04 20:23:39,668 - INFO - Epoch 344/500 | train_total: 12.2339 | val --
2025-07-04 20:25:20,491 - INFO - Epoch 345/500 | train_total: 12.3524 | dereverb: 9.6405 | rir: 2.7119
Epoch 345/500 | train_total: 12.3524 | val_total: 16.2772 | val_dereverb: 13.4811 | val_rir: 2.7961
2025-07-04 20:25:22,391 - INFO - Epoch 345/500 | train_total: 12.3524 | val_total: 16.2772 | val_dereverb: 13.4811 | val_rir: 2.7961
2025-07-04 20:27:03,562 - INFO - Epoch 346/500 | train_total: 12.2575 | dereverb: 9.5566 | rir: 2.7009
Epoch 346/500 | train_total: 12.2575 | val --
2025-07-04 20:27:03,562 - INFO - Epoch 346/500 | train_total: 12.2575 | val --
2025-07-04 20:28:44,558 - INFO - Epoch 347/500 | train_total: 12.2927 | dereverb: 9.5689 | rir: 2.7239
Epoch 347/500 | train_total: 12.2927 | val --
2025-07-04 20:28:44,558 - INFO - Epoch 347/500 | train_total: 12.2927 | val --
2025-07-04 20:30:25,229 - INFO - Epoch 348/500 | train_total: 12.1904 | dereverb: 9.4693 | rir: 2.7210
Epoch 348/500 | train_total: 12.1904 | val --
2025-07-04 20:30:25,229 - INFO - Epoch 348/500 | train_total: 12.1904 | val --
2025-07-04 20:32:06,042 - INFO - Epoch 349/500 | train_total: 12.3184 | dereverb: 9.6028 | rir: 2.7156
Epoch 349/500 | train_total: 12.3184 | val --
2025-07-04 20:32:06,043 - INFO - Epoch 349/500 | train_total: 12.3184 | val --
2025-07-04 20:33:46,637 - INFO - Epoch 350/500 | train_total: 12.3749 | dereverb: 9.6680 | rir: 2.7069
Epoch 350/500 | train_total: 12.3749 | val_total: 16.1952 | val_dereverb: 13.4035 | val_rir: 2.7917
2025-07-04 20:33:48,605 - INFO - Epoch 350/500 | train_total: 12.3749 | val_total: 16.1952 | val_dereverb: 13.4035 | val_rir: 2.7917
2025-07-04 20:35:29,181 - INFO - Epoch 351/500 | train_total: 12.1993 | dereverb: 9.4735 | rir: 2.7257
Epoch 351/500 | train_total: 12.1993 | val --
2025-07-04 20:35:29,181 - INFO - Epoch 351/500 | train_total: 12.1993 | val --
2025-07-04 20:37:10,282 - INFO - Epoch 352/500 | train_total: 12.3376 | dereverb: 9.6164 | rir: 2.7212
Epoch 352/500 | train_total: 12.3376 | val --
2025-07-04 20:37:10,282 - INFO - Epoch 352/500 | train_total: 12.3376 | val --
2025-07-04 20:38:51,109 - INFO - Epoch 353/500 | train_total: 12.3038 | dereverb: 9.5971 | rir: 2.7067
Epoch 353/500 | train_total: 12.3038 | val --
2025-07-04 20:38:51,109 - INFO - Epoch 353/500 | train_total: 12.3038 | val --
2025-07-04 20:40:31,859 - INFO - Epoch 354/500 | train_total: 12.3022 | dereverb: 9.5759 | rir: 2.7263
Epoch 354/500 | train_total: 12.3022 | val --
2025-07-04 20:40:31,859 - INFO - Epoch 354/500 | train_total: 12.3022 | val --
2025-07-04 20:42:12,629 - INFO - Epoch 355/500 | train_total: 12.1650 | dereverb: 9.4639 | rir: 2.7011
Epoch 355/500 | train_total: 12.1650 | val_total: 16.3293 | val_dereverb: 13.5276 | val_rir: 2.8017
2025-07-04 20:42:14,508 - INFO - Epoch 355/500 | train_total: 12.1650 | val_total: 16.3293 | val_dereverb: 13.5276 | val_rir: 2.8017
2025-07-04 20:43:55,689 - INFO - Epoch 356/500 | train_total: 12.2285 | dereverb: 9.5224 | rir: 2.7061
Epoch 356/500 | train_total: 12.2285 | val --
2025-07-04 20:43:55,689 - INFO - Epoch 356/500 | train_total: 12.2285 | val --
2025-07-04 20:45:36,573 - INFO - Epoch 357/500 | train_total: 12.1217 | dereverb: 9.4120 | rir: 2.7097
Epoch 357/500 | train_total: 12.1217 | val --
2025-07-04 20:45:36,574 - INFO - Epoch 357/500 | train_total: 12.1217 | val --
2025-07-04 20:47:17,063 - INFO - Epoch 358/500 | train_total: 12.3495 | dereverb: 9.6288 | rir: 2.7207
Epoch 358/500 | train_total: 12.3495 | val --
2025-07-04 20:47:17,063 - INFO - Epoch 358/500 | train_total: 12.3495 | val --
2025-07-04 20:48:58,055 - INFO - Epoch 359/500 | train_total: 12.3002 | dereverb: 9.5729 | rir: 2.7274
Epoch 359/500 | train_total: 12.3002 | val --
2025-07-04 20:48:58,055 - INFO - Epoch 359/500 | train_total: 12.3002 | val --
2025-07-04 20:50:38,694 - INFO - Epoch 360/500 | train_total: 12.2398 | dereverb: 9.5242 | rir: 2.7156
Epoch 360/500 | train_total: 12.2398 | val_total: 16.2018 | val_dereverb: 13.4164 | val_rir: 2.7854
2025-07-04 20:50:40,533 - INFO - Epoch 360/500 | train_total: 12.2398 | val_total: 16.2018 | val_dereverb: 13.4164 | val_rir: 2.7854
2025-07-04 20:50:41,645 - INFO - Model saved at epoch 360
2025-07-04 20:52:21,263 - INFO - Epoch 361/500 | train_total: 12.2923 | dereverb: 9.5864 | rir: 2.7059
Epoch 361/500 | train_total: 12.2923 | val --
2025-07-04 20:52:21,263 - INFO - Epoch 361/500 | train_total: 12.2923 | val --
2025-07-04 20:54:01,958 - INFO - Epoch 362/500 | train_total: 12.1648 | dereverb: 9.4543 | rir: 2.7105
Epoch 362/500 | train_total: 12.1648 | val --
2025-07-04 20:54:01,958 - INFO - Epoch 362/500 | train_total: 12.1648 | val --
2025-07-04 20:55:42,675 - INFO - Epoch 363/500 | train_total: 12.2914 | dereverb: 9.5973 | rir: 2.6940
Epoch 363/500 | train_total: 12.2914 | val --
2025-07-04 20:55:42,675 - INFO - Epoch 363/500 | train_total: 12.2914 | val --
2025-07-04 20:57:23,498 - INFO - Epoch 364/500 | train_total: 12.0695 | dereverb: 9.3623 | rir: 2.7072
Epoch 364/500 | train_total: 12.0695 | val --
2025-07-04 20:57:23,498 - INFO - Epoch 364/500 | train_total: 12.0695 | val --
2025-07-04 20:59:04,185 - INFO - Epoch 365/500 | train_total: 12.1245 | dereverb: 9.4063 | rir: 2.7182
Epoch 365/500 | train_total: 12.1245 | val_total: 16.2077 | val_dereverb: 13.4223 | val_rir: 2.7855
2025-07-04 20:59:06,013 - INFO - Epoch 365/500 | train_total: 12.1245 | val_total: 16.2077 | val_dereverb: 13.4223 | val_rir: 2.7855
2025-07-04 21:00:47,110 - INFO - Epoch 366/500 | train_total: 12.2169 | dereverb: 9.5025 | rir: 2.7144
Epoch 366/500 | train_total: 12.2169 | val --
2025-07-04 21:00:47,110 - INFO - Epoch 366/500 | train_total: 12.2169 | val --
2025-07-04 21:02:28,080 - INFO - Epoch 367/500 | train_total: 12.4064 | dereverb: 9.6971 | rir: 2.7093
Epoch 367/500 | train_total: 12.4064 | val --
2025-07-04 21:02:28,080 - INFO - Epoch 367/500 | train_total: 12.4064 | val --
2025-07-04 21:04:09,053 - INFO - Epoch 368/500 | train_total: 12.3676 | dereverb: 9.6668 | rir: 2.7008
Epoch 368/500 | train_total: 12.3676 | val --
2025-07-04 21:04:09,053 - INFO - Epoch 368/500 | train_total: 12.3676 | val --
W0704 21:05:03.891000 130020 site-packages/torch/distributed/elastic/multiprocessing/api.py:900] Sending process 130069 closing signal SIGTERM
W0704 21:05:03.893000 130020 site-packages/torch/distributed/elastic/multiprocessing/api.py:900] Sending process 130070 closing signal SIGTERM
W0704 21:05:03.894000 130020 site-packages/torch/distributed/elastic/multiprocessing/api.py:900] Sending process 130072 closing signal SIGTERM
E0704 21:05:05.044000 130020 site-packages/torch/distributed/elastic/multiprocessing/api.py:874] failed (exitcode: -15) local_rank: 2 (pid: 130071) of binary: /home/c3-server1/anaconda3/envs/re-rir312/bin/python
Traceback (most recent call last):
  File "<frozen runpy>", line 198, in _run_module_as_main
  File "<frozen runpy>", line 88, in _run_code
  File "/home/c3-server1/anaconda3/envs/re-rir312/lib/python3.12/site-packages/torch/distributed/run.py", line 905, in <module>
    main()
  File "/home/c3-server1/anaconda3/envs/re-rir312/lib/python3.12/site-packages/torch/distributed/elastic/multiprocessing/errors/__init__.py", line 357, in wrapper
    return f(*args, **kwargs)
           ^^^^^^^^^^^^^^^^^^
  File "/home/c3-server1/anaconda3/envs/re-rir312/lib/python3.12/site-packages/torch/distributed/run.py", line 901, in main
    run(args)
  File "/home/c3-server1/anaconda3/envs/re-rir312/lib/python3.12/site-packages/torch/distributed/run.py", line 892, in run
    elastic_launch(
  File "/home/c3-server1/anaconda3/envs/re-rir312/lib/python3.12/site-packages/torch/distributed/launcher/api.py", line 143, in __call__
    return launch_agent(self._config, self._entrypoint, list(args))
           ^^^^^^^^^^^^^^^^^^^^^^^^^^^^^^^^^^^^^^^^^^^^^^^^^^^^^^^^
  File "/home/c3-server1/anaconda3/envs/re-rir312/lib/python3.12/site-packages/torch/distributed/launcher/api.py", line 277, in launch_agent
    raise ChildFailedError(
torch.distributed.elastic.multiprocessing.errors.ChildFailedError: 
========================================================
train_decor_ddp.py FAILED
--------------------------------------------------------
Failures:
  <NO_OTHER_FAILURES>
--------------------------------------------------------
Root Cause (first observed failure):
[0]:
  time      : 2025-07-04_21:05:03
  host      : c3
  rank      : 2 (local_rank: 2)
  exitcode  : -15 (pid: 130071)
  error_file: <N/A>
  traceback : Signal 15 (SIGTERM) received by PID 130071
========================================================
